  [1m[35m (6.1ms)[0m  [1m[35mCREATE TABLE "schema_migrations" ("version" character varying NOT NULL PRIMARY KEY)[0m
  [1m[35m (2.4ms)[0m  [1m[35mCREATE TABLE "ar_internal_metadata" ("key" character varying NOT NULL PRIMARY KEY, "value" character varying, "created_at" timestamp NOT NULL, "updated_at" timestamp NOT NULL)[0m
  [1m[35m (0.2ms)[0m  [1m[34mSELECT pg_try_advisory_lock(4795219387431405660);[0m
  [1m[35m (0.4ms)[0m  [1m[34mSELECT "schema_migrations"."version" FROM "schema_migrations" ORDER BY "schema_migrations"."version" ASC[0m
Migrating to CreateCats (20170714053359)
  [1m[35m (0.1ms)[0m  [1m[35mBEGIN[0m
  [1m[35m (3.1ms)[0m  [1m[35mCREATE TABLE "cats" ("id" bigserial primary key, "name" character varying NOT NULL, "created_at" timestamp NOT NULL, "updated_at" timestamp NOT NULL)[0m
  [1m[35mSQL (0.6ms)[0m  [1m[32mINSERT INTO "schema_migrations" ("version") VALUES ($1) RETURNING "version"[0m  [["version", "20170714053359"]]
  [1m[35m (0.3ms)[0m  [1m[35mCOMMIT[0m
Migrating to CreateCorgis (20170714053409)
  [1m[35m (0.2ms)[0m  [1m[35mBEGIN[0m
  [1m[35m (2.6ms)[0m  [1m[35mCREATE TABLE "corgis" ("id" bigserial primary key, "name" character varying NOT NULL, "created_at" timestamp NOT NULL, "updated_at" timestamp NOT NULL)[0m
  [1m[35mSQL (0.2ms)[0m  [1m[32mINSERT INTO "schema_migrations" ("version") VALUES ($1) RETURNING "version"[0m  [["version", "20170714053409"]]
  [1m[35m (0.3ms)[0m  [1m[35mCOMMIT[0m
Migrating to CreateToys (20170714053516)
  [1m[35m (0.2ms)[0m  [1m[35mBEGIN[0m
  [1m[35m (3.3ms)[0m  [1m[35mCREATE TABLE "toys" ("id" bigserial primary key, "name" character varying NOT NULL, "toyable_type" character varying, "toyable_id" bigint, "created_at" timestamp NOT NULL, "updated_at" timestamp NOT NULL)[0m
  [1m[35m (0.8ms)[0m  [1m[35mCREATE  INDEX  "index_toys_on_toyable_type_and_toyable_id" ON "toys"  ("toyable_type", "toyable_id")[0m
  [1m[35m (1.1ms)[0m  [1m[35mCREATE UNIQUE INDEX  "index_toys_on_name_and_toyable_id_and_toyable_type" ON "toys"  ("name", "toyable_id", "toyable_type")[0m
  [1m[35mSQL (0.4ms)[0m  [1m[32mINSERT INTO "schema_migrations" ("version") VALUES ($1) RETURNING "version"[0m  [["version", "20170714053516"]]
  [1m[35m (0.4ms)[0m  [1m[35mCOMMIT[0m
  [1m[36mActiveRecord::InternalMetadata Load (0.3ms)[0m  [1m[34mSELECT  "ar_internal_metadata".* FROM "ar_internal_metadata" WHERE "ar_internal_metadata"."key" = $1 LIMIT $2[0m  [["key", "environment"], ["LIMIT", 1]]
  [1m[35m (0.1ms)[0m  [1m[35mBEGIN[0m
  [1m[35mSQL (0.4ms)[0m  [1m[32mINSERT INTO "ar_internal_metadata" ("key", "value", "created_at", "updated_at") VALUES ($1, $2, $3, $4) RETURNING "key"[0m  [["key", "environment"], ["value", "development"], ["created_at", "2017-07-14 05:37:55.155751"], ["updated_at", "2017-07-14 05:37:55.155751"]]
  [1m[35m (0.2ms)[0m  [1m[35mCOMMIT[0m
  [1m[35m (0.2ms)[0m  [1m[34mSELECT pg_advisory_unlock(4795219387431405660)[0m
  [1m[35m (0.2ms)[0m  [1m[34mSELECT "schema_migrations"."version" FROM "schema_migrations" ORDER BY "schema_migrations"."version" ASC[0m
  [1m[35m (0.5ms)[0m  [1m[34mSELECT "schema_migrations"."version" FROM "schema_migrations" ORDER BY "schema_migrations"."version" ASC[0m
  [1m[35m (0.3ms)[0m  [1m[34mSELECT "ar_internal_metadata"."value" FROM "ar_internal_metadata" WHERE "ar_internal_metadata"."key" = $1[0m  [["key", "environment"]]
  [1m[35m (0.2ms)[0m  [1m[34mSELECT "schema_migrations"."version" FROM "schema_migrations" ORDER BY "schema_migrations"."version" ASC[0m
  [1m[35m (0.1ms)[0m  [1m[34mSELECT "ar_internal_metadata"."value" FROM "ar_internal_metadata" WHERE "ar_internal_metadata"."key" = $1[0m  [["key", "environment"]]
  [1m[35m (0.2ms)[0m  [1m[34mSELECT "schema_migrations"."version" FROM "schema_migrations" ORDER BY "schema_migrations"."version" ASC[0m
  [1m[35m (0.1ms)[0m  [1m[34mSELECT "ar_internal_metadata"."value" FROM "ar_internal_metadata" WHERE "ar_internal_metadata"."key" = $1[0m  [["key", "environment"]]
  [1m[35m (119.1ms)[0m  [1m[35mDROP DATABASE IF EXISTS "polymorphism_and_concerns_development"[0m
  [1m[35m (116.4ms)[0m  [1m[35mDROP DATABASE IF EXISTS "polymorphism_and_concerns_test"[0m
  [1m[35m (4.8ms)[0m  [1m[35mCREATE TABLE "schema_migrations" ("version" character varying NOT NULL PRIMARY KEY)[0m
  [1m[35m (2.8ms)[0m  [1m[35mCREATE TABLE "ar_internal_metadata" ("key" character varying NOT NULL PRIMARY KEY, "value" character varying, "created_at" timestamp NOT NULL, "updated_at" timestamp NOT NULL)[0m
  [1m[35m (0.2ms)[0m  [1m[34mSELECT pg_try_advisory_lock(4795219387431405660);[0m
  [1m[35m (0.4ms)[0m  [1m[34mSELECT "schema_migrations"."version" FROM "schema_migrations" ORDER BY "schema_migrations"."version" ASC[0m
Migrating to CreateCats (20170714053359)
  [1m[35m (0.2ms)[0m  [1m[35mBEGIN[0m
  [1m[35m (3.0ms)[0m  [1m[35mCREATE TABLE "cats" ("id" bigserial primary key, "name" character varying NOT NULL, "created_at" timestamp NOT NULL, "updated_at" timestamp NOT NULL)[0m
  [1m[35mSQL (0.4ms)[0m  [1m[32mINSERT INTO "schema_migrations" ("version") VALUES ($1) RETURNING "version"[0m  [["version", "20170714053359"]]
  [1m[35m (0.3ms)[0m  [1m[35mCOMMIT[0m
Migrating to CreateCorgis (20170714053409)
  [1m[35m (0.2ms)[0m  [1m[35mBEGIN[0m
  [1m[35m (2.5ms)[0m  [1m[35mCREATE TABLE "corgis" ("id" bigserial primary key, "name" character varying NOT NULL, "created_at" timestamp NOT NULL, "updated_at" timestamp NOT NULL)[0m
  [1m[35mSQL (0.3ms)[0m  [1m[32mINSERT INTO "schema_migrations" ("version") VALUES ($1) RETURNING "version"[0m  [["version", "20170714053409"]]
  [1m[35m (0.3ms)[0m  [1m[35mCOMMIT[0m
  [1m[36mActiveRecord::InternalMetadata Load (0.2ms)[0m  [1m[34mSELECT  "ar_internal_metadata".* FROM "ar_internal_metadata" WHERE "ar_internal_metadata"."key" = $1 LIMIT $2[0m  [["key", "environment"], ["LIMIT", 1]]
  [1m[35m (0.1ms)[0m  [1m[35mBEGIN[0m
  [1m[35mSQL (0.4ms)[0m  [1m[32mINSERT INTO "ar_internal_metadata" ("key", "value", "created_at", "updated_at") VALUES ($1, $2, $3, $4) RETURNING "key"[0m  [["key", "environment"], ["value", "development"], ["created_at", "2017-07-14 05:44:38.587678"], ["updated_at", "2017-07-14 05:44:38.587678"]]
  [1m[35m (0.3ms)[0m  [1m[35mCOMMIT[0m
  [1m[35m (0.2ms)[0m  [1m[34mSELECT pg_advisory_unlock(4795219387431405660)[0m
  [1m[35m (0.3ms)[0m  [1m[34mSELECT "schema_migrations"."version" FROM "schema_migrations" ORDER BY "schema_migrations"."version" ASC[0m
  [1m[35m (0.6ms)[0m  [1m[34mSELECT "schema_migrations"."version" FROM "schema_migrations" ORDER BY "schema_migrations"."version" ASC[0m
  [1m[35m (0.6ms)[0m  [1m[34mSELECT "schema_migrations"."version" FROM "schema_migrations" ORDER BY "schema_migrations"."version" ASC[0m
  [1m[35m (0.3ms)[0m  [1m[34mSELECT "ar_internal_metadata"."value" FROM "ar_internal_metadata" WHERE "ar_internal_metadata"."key" = $1[0m  [["key", "environment"]]
  [1m[35m (0.2ms)[0m  [1m[34mSELECT "schema_migrations"."version" FROM "schema_migrations" ORDER BY "schema_migrations"."version" ASC[0m
  [1m[35m (0.1ms)[0m  [1m[34mSELECT "ar_internal_metadata"."value" FROM "ar_internal_metadata" WHERE "ar_internal_metadata"."key" = $1[0m  [["key", "environment"]]
  [1m[35m (0.2ms)[0m  [1m[34mSELECT "schema_migrations"."version" FROM "schema_migrations" ORDER BY "schema_migrations"."version" ASC[0m
  [1m[35m (0.1ms)[0m  [1m[34mSELECT "ar_internal_metadata"."value" FROM "ar_internal_metadata" WHERE "ar_internal_metadata"."key" = $1[0m  [["key", "environment"]]
  [1m[35m (115.5ms)[0m  [1m[35mDROP DATABASE IF EXISTS "polymorphism_and_concerns_test"[0m
  [1m[35m (229.0ms)[0m  [1m[35mCREATE DATABASE "polymorphism_and_concerns_test" ENCODING = 'unicode'[0m
  [1m[35mSQL (0.3ms)[0m  [1m[35mCREATE EXTENSION IF NOT EXISTS "plpgsql"[0m
  [1m[35m (0.2ms)[0m  [1m[35mDROP TABLE IF EXISTS "cats" CASCADE[0m
  [1m[35m (5.7ms)[0m  [1m[35mCREATE TABLE "cats" ("id" bigserial primary key, "name" character varying NOT NULL, "created_at" timestamp NOT NULL, "updated_at" timestamp NOT NULL)[0m
  [1m[35m (0.2ms)[0m  [1m[35mDROP TABLE IF EXISTS "corgis" CASCADE[0m
  [1m[35m (2.7ms)[0m  [1m[35mCREATE TABLE "corgis" ("id" bigserial primary key, "name" character varying NOT NULL, "created_at" timestamp NOT NULL, "updated_at" timestamp NOT NULL)[0m
  [1m[35m (2.1ms)[0m  [1m[35mCREATE TABLE "schema_migrations" ("version" character varying NOT NULL PRIMARY KEY)[0m
  [1m[35m (0.5ms)[0m  [1m[34mSELECT "schema_migrations"."version" FROM "schema_migrations" ORDER BY "schema_migrations"."version" ASC[0m
  [1m[35m (0.4ms)[0m  [1m[32mINSERT INTO "schema_migrations" (version) VALUES (20170714053409)[0m
  [1m[35m (0.3ms)[0m  [1m[32mINSERT INTO "schema_migrations" (version) VALUES
(20170714053359);

[0m
  [1m[35m (2.0ms)[0m  [1m[35mCREATE TABLE "ar_internal_metadata" ("key" character varying NOT NULL PRIMARY KEY, "value" character varying, "created_at" timestamp NOT NULL, "updated_at" timestamp NOT NULL)[0m
  [1m[36mActiveRecord::InternalMetadata Load (0.3ms)[0m  [1m[34mSELECT  "ar_internal_metadata".* FROM "ar_internal_metadata" WHERE "ar_internal_metadata"."key" = $1 LIMIT $2[0m  [["key", "environment"], ["LIMIT", 1]]
  [1m[35m (0.1ms)[0m  [1m[35mBEGIN[0m
  [1m[35mSQL (0.4ms)[0m  [1m[32mINSERT INTO "ar_internal_metadata" ("key", "value", "created_at", "updated_at") VALUES ($1, $2, $3, $4) RETURNING "key"[0m  [["key", "environment"], ["value", "development"], ["created_at", "2017-07-14 05:44:42.231409"], ["updated_at", "2017-07-14 05:44:42.231409"]]
  [1m[35m (0.2ms)[0m  [1m[35mCOMMIT[0m
  [1m[36mActiveRecord::InternalMetadata Load (0.3ms)[0m  [1m[34mSELECT  "ar_internal_metadata".* FROM "ar_internal_metadata" WHERE "ar_internal_metadata"."key" = $1 LIMIT $2[0m  [["key", "environment"], ["LIMIT", 1]]
  [1m[35m (0.1ms)[0m  [1m[35mBEGIN[0m
  [1m[35m (0.1ms)[0m  [1m[35mCOMMIT[0m
  [1m[35m (0.6ms)[0m  [1m[34mSELECT "schema_migrations"."version" FROM "schema_migrations" ORDER BY "schema_migrations"."version" ASC[0m
  [1m[35m (0.1ms)[0m  [1m[35mBEGIN[0m
  [1m[35mSQL (0.7ms)[0m  [1m[32mINSERT INTO "corgis" ("name", "created_at", "updated_at") VALUES ($1, $2, $3) RETURNING "id"[0m  [["name", "Annamae"], ["created_at", "2017-07-14 05:47:29.189179"], ["updated_at", "2017-07-14 05:47:29.189179"]]
  [1m[35m (1.7ms)[0m  [1m[35mCOMMIT[0m
  [1m[35m (0.1ms)[0m  [1m[35mBEGIN[0m
  [1m[35mSQL (0.5ms)[0m  [1m[32mINSERT INTO "cats" ("name", "created_at", "updated_at") VALUES ($1, $2, $3) RETURNING "id"[0m  [["name", "Athena"], ["created_at", "2017-07-14 05:47:29.200002"], ["updated_at", "2017-07-14 05:47:29.200002"]]
  [1m[35m (0.2ms)[0m  [1m[35mCOMMIT[0m
  [1m[35m (0.1ms)[0m  [1m[35mBEGIN[0m
  [1m[35mSQL (0.2ms)[0m  [1m[32mINSERT INTO "corgis" ("name", "created_at", "updated_at") VALUES ($1, $2, $3) RETURNING "id"[0m  [["name", "Zane"], ["created_at", "2017-07-14 05:47:29.201805"], ["updated_at", "2017-07-14 05:47:29.201805"]]
  [1m[35m (0.3ms)[0m  [1m[35mCOMMIT[0m
  [1m[35m (0.1ms)[0m  [1m[35mBEGIN[0m
  [1m[35mSQL (0.2ms)[0m  [1m[32mINSERT INTO "cats" ("name", "created_at", "updated_at") VALUES ($1, $2, $3) RETURNING "id"[0m  [["name", "Bill"], ["created_at", "2017-07-14 05:47:29.203039"], ["updated_at", "2017-07-14 05:47:29.203039"]]
  [1m[35m (0.2ms)[0m  [1m[35mCOMMIT[0m
  [1m[35m (0.1ms)[0m  [1m[35mBEGIN[0m
  [1m[35mSQL (0.2ms)[0m  [1m[32mINSERT INTO "corgis" ("name", "created_at", "updated_at") VALUES ($1, $2, $3) RETURNING "id"[0m  [["name", "Carlie"], ["created_at", "2017-07-14 05:47:29.204215"], ["updated_at", "2017-07-14 05:47:29.204215"]]
  [1m[35m (0.3ms)[0m  [1m[35mCOMMIT[0m
  [1m[35m (0.1ms)[0m  [1m[35mBEGIN[0m
  [1m[35mSQL (0.2ms)[0m  [1m[32mINSERT INTO "cats" ("name", "created_at", "updated_at") VALUES ($1, $2, $3) RETURNING "id"[0m  [["name", "Glen"], ["created_at", "2017-07-14 05:47:29.205375"], ["updated_at", "2017-07-14 05:47:29.205375"]]
  [1m[35m (0.2ms)[0m  [1m[35mCOMMIT[0m
  [1m[35m (0.1ms)[0m  [1m[35mBEGIN[0m
  [1m[35mSQL (0.2ms)[0m  [1m[32mINSERT INTO "corgis" ("name", "created_at", "updated_at") VALUES ($1, $2, $3) RETURNING "id"[0m  [["name", "Jamey"], ["created_at", "2017-07-14 05:47:29.206505"], ["updated_at", "2017-07-14 05:47:29.206505"]]
  [1m[35m (0.2ms)[0m  [1m[35mCOMMIT[0m
  [1m[35m (0.1ms)[0m  [1m[35mBEGIN[0m
  [1m[35mSQL (0.2ms)[0m  [1m[32mINSERT INTO "cats" ("name", "created_at", "updated_at") VALUES ($1, $2, $3) RETURNING "id"[0m  [["name", "Madisyn"], ["created_at", "2017-07-14 05:47:29.207626"], ["updated_at", "2017-07-14 05:47:29.207626"]]
  [1m[35m (0.2ms)[0m  [1m[35mCOMMIT[0m
  [1m[35m (0.1ms)[0m  [1m[35mBEGIN[0m
  [1m[35mSQL (0.2ms)[0m  [1m[32mINSERT INTO "corgis" ("name", "created_at", "updated_at") VALUES ($1, $2, $3) RETURNING "id"[0m  [["name", "Hollie"], ["created_at", "2017-07-14 05:47:29.208720"], ["updated_at", "2017-07-14 05:47:29.208720"]]
  [1m[35m (0.2ms)[0m  [1m[35mCOMMIT[0m
  [1m[35m (0.1ms)[0m  [1m[35mBEGIN[0m
  [1m[35mSQL (0.2ms)[0m  [1m[32mINSERT INTO "cats" ("name", "created_at", "updated_at") VALUES ($1, $2, $3) RETURNING "id"[0m  [["name", "Verna"], ["created_at", "2017-07-14 05:47:29.209786"], ["updated_at", "2017-07-14 05:47:29.209786"]]
  [1m[35m (0.2ms)[0m  [1m[35mCOMMIT[0m
  [1m[35m (0.1ms)[0m  [1m[35mBEGIN[0m
  [1m[35mSQL (0.2ms)[0m  [1m[32mINSERT INTO "corgis" ("name", "created_at", "updated_at") VALUES ($1, $2, $3) RETURNING "id"[0m  [["name", "Virgie"], ["created_at", "2017-07-14 05:47:29.210879"], ["updated_at", "2017-07-14 05:47:29.210879"]]
  [1m[35m (0.2ms)[0m  [1m[35mCOMMIT[0m
  [1m[35m (0.1ms)[0m  [1m[35mBEGIN[0m
  [1m[35mSQL (0.2ms)[0m  [1m[32mINSERT INTO "cats" ("name", "created_at", "updated_at") VALUES ($1, $2, $3) RETURNING "id"[0m  [["name", "Darrick"], ["created_at", "2017-07-14 05:47:29.211946"], ["updated_at", "2017-07-14 05:47:29.211946"]]
  [1m[35m (0.2ms)[0m  [1m[35mCOMMIT[0m
  [1m[35m (0.1ms)[0m  [1m[35mBEGIN[0m
  [1m[35mSQL (0.2ms)[0m  [1m[32mINSERT INTO "corgis" ("name", "created_at", "updated_at") VALUES ($1, $2, $3) RETURNING "id"[0m  [["name", "Lucious"], ["created_at", "2017-07-14 05:47:29.212998"], ["updated_at", "2017-07-14 05:47:29.212998"]]
  [1m[35m (0.2ms)[0m  [1m[35mCOMMIT[0m
  [1m[35m (0.1ms)[0m  [1m[35mBEGIN[0m
  [1m[35mSQL (0.2ms)[0m  [1m[32mINSERT INTO "cats" ("name", "created_at", "updated_at") VALUES ($1, $2, $3) RETURNING "id"[0m  [["name", "Reid"], ["created_at", "2017-07-14 05:47:29.214009"], ["updated_at", "2017-07-14 05:47:29.214009"]]
  [1m[35m (0.2ms)[0m  [1m[35mCOMMIT[0m
  [1m[35m (0.1ms)[0m  [1m[35mBEGIN[0m
  [1m[35mSQL (0.2ms)[0m  [1m[32mINSERT INTO "corgis" ("name", "created_at", "updated_at") VALUES ($1, $2, $3) RETURNING "id"[0m  [["name", "Jeffery"], ["created_at", "2017-07-14 05:47:29.215049"], ["updated_at", "2017-07-14 05:47:29.215049"]]
  [1m[35m (0.2ms)[0m  [1m[35mCOMMIT[0m
  [1m[35m (0.1ms)[0m  [1m[35mBEGIN[0m
  [1m[35mSQL (0.2ms)[0m  [1m[32mINSERT INTO "cats" ("name", "created_at", "updated_at") VALUES ($1, $2, $3) RETURNING "id"[0m  [["name", "Giles"], ["created_at", "2017-07-14 05:47:29.216078"], ["updated_at", "2017-07-14 05:47:29.216078"]]
  [1m[35m (0.2ms)[0m  [1m[35mCOMMIT[0m
  [1m[35m (0.1ms)[0m  [1m[35mBEGIN[0m
  [1m[35mSQL (0.2ms)[0m  [1m[32mINSERT INTO "corgis" ("name", "created_at", "updated_at") VALUES ($1, $2, $3) RETURNING "id"[0m  [["name", "Tyree"], ["created_at", "2017-07-14 05:47:29.217114"], ["updated_at", "2017-07-14 05:47:29.217114"]]
  [1m[35m (0.2ms)[0m  [1m[35mCOMMIT[0m
  [1m[35m (0.1ms)[0m  [1m[35mBEGIN[0m
  [1m[35mSQL (0.2ms)[0m  [1m[32mINSERT INTO "cats" ("name", "created_at", "updated_at") VALUES ($1, $2, $3) RETURNING "id"[0m  [["name", "Cydney"], ["created_at", "2017-07-14 05:47:29.218133"], ["updated_at", "2017-07-14 05:47:29.218133"]]
  [1m[35m (0.2ms)[0m  [1m[35mCOMMIT[0m
  [1m[35m (0.1ms)[0m  [1m[35mBEGIN[0m
  [1m[35mSQL (0.2ms)[0m  [1m[32mINSERT INTO "corgis" ("name", "created_at", "updated_at") VALUES ($1, $2, $3) RETURNING "id"[0m  [["name", "Adelle"], ["created_at", "2017-07-14 05:47:29.219177"], ["updated_at", "2017-07-14 05:47:29.219177"]]
  [1m[35m (0.2ms)[0m  [1m[35mCOMMIT[0m
  [1m[35m (0.1ms)[0m  [1m[35mBEGIN[0m
  [1m[35mSQL (0.2ms)[0m  [1m[32mINSERT INTO "cats" ("name", "created_at", "updated_at") VALUES ($1, $2, $3) RETURNING "id"[0m  [["name", "Florida"], ["created_at", "2017-07-14 05:47:29.220188"], ["updated_at", "2017-07-14 05:47:29.220188"]]
  [1m[35m (0.1ms)[0m  [1m[35mCOMMIT[0m
  [1m[35m (5.4ms)[0m  [1m[35mCREATE TABLE "schema_migrations" ("version" character varying NOT NULL PRIMARY KEY)[0m
  [1m[35m (3.7ms)[0m  [1m[35mCREATE TABLE "ar_internal_metadata" ("key" character varying NOT NULL PRIMARY KEY, "value" character varying, "created_at" timestamp NOT NULL, "updated_at" timestamp NOT NULL)[0m
  [1m[35m (0.4ms)[0m  [1m[34mSELECT pg_try_advisory_lock(4795219387431405660);[0m
  [1m[35m (0.5ms)[0m  [1m[34mSELECT "schema_migrations"."version" FROM "schema_migrations" ORDER BY "schema_migrations"."version" ASC[0m
Migrating to CreateCats (20170714053359)
  [1m[35m (0.2ms)[0m  [1m[35mBEGIN[0m
  [1m[35m (5.7ms)[0m  [1m[35mCREATE TABLE "cats" ("id" bigserial primary key, "name" character varying NOT NULL, "created_at" timestamp NOT NULL, "updated_at" timestamp NOT NULL)[0m
  [1m[35mSQL (0.5ms)[0m  [1m[32mINSERT INTO "schema_migrations" ("version") VALUES ($1) RETURNING "version"[0m  [["version", "20170714053359"]]
  [1m[35m (0.4ms)[0m  [1m[35mCOMMIT[0m
Migrating to CreateCorgis (20170714053409)
  [1m[35m (0.2ms)[0m  [1m[35mBEGIN[0m
  [1m[35m (4.0ms)[0m  [1m[35mCREATE TABLE "corgis" ("id" bigserial primary key, "name" character varying NOT NULL, "created_at" timestamp NOT NULL, "updated_at" timestamp NOT NULL)[0m
  [1m[35mSQL (0.3ms)[0m  [1m[32mINSERT INTO "schema_migrations" ("version") VALUES ($1) RETURNING "version"[0m  [["version", "20170714053409"]]
  [1m[35m (0.6ms)[0m  [1m[35mCOMMIT[0m
Migrating to CreateToys (20180917043132)
  [1m[35m (0.2ms)[0m  [1m[35mBEGIN[0m
  [1m[35m (5.1ms)[0m  [1m[35mCREATE TABLE "toys" ("id" bigserial primary key, "name" character varying NOT NULL, "toyable_type" character varying NOT NULL, "toyable_id" bigint NOT NULL, "created_at" timestamp NOT NULL, "updated_at" timestamp NOT NULL)[0m
  [1m[35m (1.1ms)[0m  [1m[35mCREATE  INDEX  "index_toys_on_toyable_type_and_toyable_id" ON "toys"  ("toyable_type", "toyable_id")[0m
  [1m[35m (1.1ms)[0m  [1m[35mCREATE UNIQUE INDEX  "index_toys_on_name_and_toyable_id_and_toyable_type" ON "toys"  ("name", "toyable_id", "toyable_type")[0m
  [1m[35mSQL (0.2ms)[0m  [1m[32mINSERT INTO "schema_migrations" ("version") VALUES ($1) RETURNING "version"[0m  [["version", "20180917043132"]]
  [1m[35m (0.5ms)[0m  [1m[35mCOMMIT[0m
  [1m[36mActiveRecord::InternalMetadata Load (0.4ms)[0m  [1m[34mSELECT  "ar_internal_metadata".* FROM "ar_internal_metadata" WHERE "ar_internal_metadata"."key" = $1 LIMIT $2[0m  [["key", "environment"], ["LIMIT", 1]]
  [1m[35m (0.1ms)[0m  [1m[35mBEGIN[0m
  [1m[35mSQL (0.6ms)[0m  [1m[32mINSERT INTO "ar_internal_metadata" ("key", "value", "created_at", "updated_at") VALUES ($1, $2, $3, $4) RETURNING "key"[0m  [["key", "environment"], ["value", "development"], ["created_at", "2018-09-17 04:34:02.338948"], ["updated_at", "2018-09-17 04:34:02.338948"]]
  [1m[35m (0.6ms)[0m  [1m[35mCOMMIT[0m
  [1m[35m (0.3ms)[0m  [1m[34mSELECT pg_advisory_unlock(4795219387431405660)[0m
  [1m[35m (0.2ms)[0m  [1m[34mSELECT "schema_migrations"."version" FROM "schema_migrations" ORDER BY "schema_migrations"."version" ASC[0m
  [1m[35m (0.6ms)[0m  [1m[34mSELECT "schema_migrations"."version" FROM "schema_migrations" ORDER BY "schema_migrations"."version" ASC[0m
  [1m[35m (0.7ms)[0m  [1m[34mSELECT "schema_migrations"."version" FROM "schema_migrations" ORDER BY "schema_migrations"."version" ASC[0m
  [1m[35m (0.1ms)[0m  [1m[35mBEGIN[0m
  [1m[35mSQL (1.1ms)[0m  [1m[32mINSERT INTO "corgis" ("name", "created_at", "updated_at") VALUES ($1, $2, $3) RETURNING "id"[0m  [["name", "Rosetta"], ["created_at", "2018-09-17 04:36:22.057001"], ["updated_at", "2018-09-17 04:36:22.057001"]]
  [1m[35m (0.5ms)[0m  [1m[35mCOMMIT[0m
  [1m[35m (0.2ms)[0m  [1m[35mBEGIN[0m
  [1m[35mSQL (0.7ms)[0m  [1m[32mINSERT INTO "cats" ("name", "created_at", "updated_at") VALUES ($1, $2, $3) RETURNING "id"[0m  [["name", "Maude"], ["created_at", "2018-09-17 04:36:22.070275"], ["updated_at", "2018-09-17 04:36:22.070275"]]
  [1m[35m (0.4ms)[0m  [1m[35mCOMMIT[0m
  [1m[35m (0.1ms)[0m  [1m[35mBEGIN[0m
  [1m[35mSQL (0.2ms)[0m  [1m[32mINSERT INTO "corgis" ("name", "created_at", "updated_at") VALUES ($1, $2, $3) RETURNING "id"[0m  [["name", "Jolie"], ["created_at", "2018-09-17 04:36:22.072676"], ["updated_at", "2018-09-17 04:36:22.072676"]]
  [1m[35m (0.3ms)[0m  [1m[35mCOMMIT[0m
  [1m[35m (0.1ms)[0m  [1m[35mBEGIN[0m
  [1m[35mSQL (0.4ms)[0m  [1m[32mINSERT INTO "cats" ("name", "created_at", "updated_at") VALUES ($1, $2, $3) RETURNING "id"[0m  [["name", "Misael"], ["created_at", "2018-09-17 04:36:22.074230"], ["updated_at", "2018-09-17 04:36:22.074230"]]
  [1m[35m (0.4ms)[0m  [1m[35mCOMMIT[0m
  [1m[35m (0.1ms)[0m  [1m[35mBEGIN[0m
  [1m[35mSQL (0.2ms)[0m  [1m[32mINSERT INTO "corgis" ("name", "created_at", "updated_at") VALUES ($1, $2, $3) RETURNING "id"[0m  [["name", "Elmer"], ["created_at", "2018-09-17 04:36:22.076005"], ["updated_at", "2018-09-17 04:36:22.076005"]]
  [1m[35m (0.4ms)[0m  [1m[35mCOMMIT[0m
  [1m[35m (0.1ms)[0m  [1m[35mBEGIN[0m
  [1m[35mSQL (0.3ms)[0m  [1m[32mINSERT INTO "cats" ("name", "created_at", "updated_at") VALUES ($1, $2, $3) RETURNING "id"[0m  [["name", "Lacey"], ["created_at", "2018-09-17 04:36:22.077706"], ["updated_at", "2018-09-17 04:36:22.077706"]]
  [1m[35m (0.3ms)[0m  [1m[35mCOMMIT[0m
  [1m[35m (0.1ms)[0m  [1m[35mBEGIN[0m
  [1m[35mSQL (0.2ms)[0m  [1m[32mINSERT INTO "corgis" ("name", "created_at", "updated_at") VALUES ($1, $2, $3) RETURNING "id"[0m  [["name", "Retta"], ["created_at", "2018-09-17 04:36:22.079234"], ["updated_at", "2018-09-17 04:36:22.079234"]]
  [1m[35m (0.4ms)[0m  [1m[35mCOMMIT[0m
  [1m[35m (0.2ms)[0m  [1m[35mBEGIN[0m
  [1m[35mSQL (0.3ms)[0m  [1m[32mINSERT INTO "cats" ("name", "created_at", "updated_at") VALUES ($1, $2, $3) RETURNING "id"[0m  [["name", "Luciano"], ["created_at", "2018-09-17 04:36:22.081198"], ["updated_at", "2018-09-17 04:36:22.081198"]]
  [1m[35m (0.4ms)[0m  [1m[35mCOMMIT[0m
  [1m[35m (0.1ms)[0m  [1m[35mBEGIN[0m
  [1m[35mSQL (0.2ms)[0m  [1m[32mINSERT INTO "corgis" ("name", "created_at", "updated_at") VALUES ($1, $2, $3) RETURNING "id"[0m  [["name", "Jordi"], ["created_at", "2018-09-17 04:36:22.083214"], ["updated_at", "2018-09-17 04:36:22.083214"]]
  [1m[35m (0.3ms)[0m  [1m[35mCOMMIT[0m
  [1m[35m (0.1ms)[0m  [1m[35mBEGIN[0m
  [1m[35mSQL (0.3ms)[0m  [1m[32mINSERT INTO "cats" ("name", "created_at", "updated_at") VALUES ($1, $2, $3) RETURNING "id"[0m  [["name", "Soledad"], ["created_at", "2018-09-17 04:36:22.084906"], ["updated_at", "2018-09-17 04:36:22.084906"]]
  [1m[35m (0.4ms)[0m  [1m[35mCOMMIT[0m
  [1m[35m (0.1ms)[0m  [1m[35mBEGIN[0m
  [1m[35mSQL (0.3ms)[0m  [1m[32mINSERT INTO "corgis" ("name", "created_at", "updated_at") VALUES ($1, $2, $3) RETURNING "id"[0m  [["name", "Seth"], ["created_at", "2018-09-17 04:36:22.086884"], ["updated_at", "2018-09-17 04:36:22.086884"]]
  [1m[35m (0.4ms)[0m  [1m[35mCOMMIT[0m
  [1m[35m (0.1ms)[0m  [1m[35mBEGIN[0m
  [1m[35mSQL (0.2ms)[0m  [1m[32mINSERT INTO "cats" ("name", "created_at", "updated_at") VALUES ($1, $2, $3) RETURNING "id"[0m  [["name", "Magnus"], ["created_at", "2018-09-17 04:36:22.088548"], ["updated_at", "2018-09-17 04:36:22.088548"]]
  [1m[35m (0.4ms)[0m  [1m[35mCOMMIT[0m
  [1m[35m (0.1ms)[0m  [1m[35mBEGIN[0m
  [1m[35mSQL (0.2ms)[0m  [1m[32mINSERT INTO "corgis" ("name", "created_at", "updated_at") VALUES ($1, $2, $3) RETURNING "id"[0m  [["name", "Akeem"], ["created_at", "2018-09-17 04:36:22.090197"], ["updated_at", "2018-09-17 04:36:22.090197"]]
  [1m[35m (0.3ms)[0m  [1m[35mCOMMIT[0m
  [1m[35m (0.1ms)[0m  [1m[35mBEGIN[0m
  [1m[35mSQL (0.2ms)[0m  [1m[32mINSERT INTO "cats" ("name", "created_at", "updated_at") VALUES ($1, $2, $3) RETURNING "id"[0m  [["name", "Ashton"], ["created_at", "2018-09-17 04:36:22.091589"], ["updated_at", "2018-09-17 04:36:22.091589"]]
  [1m[35m (0.3ms)[0m  [1m[35mCOMMIT[0m
  [1m[35m (0.1ms)[0m  [1m[35mBEGIN[0m
  [1m[35mSQL (0.2ms)[0m  [1m[32mINSERT INTO "corgis" ("name", "created_at", "updated_at") VALUES ($1, $2, $3) RETURNING "id"[0m  [["name", "Shawna"], ["created_at", "2018-09-17 04:36:22.092977"], ["updated_at", "2018-09-17 04:36:22.092977"]]
  [1m[35m (0.3ms)[0m  [1m[35mCOMMIT[0m
  [1m[35m (0.1ms)[0m  [1m[35mBEGIN[0m
  [1m[35mSQL (0.2ms)[0m  [1m[32mINSERT INTO "cats" ("name", "created_at", "updated_at") VALUES ($1, $2, $3) RETURNING "id"[0m  [["name", "Brennon"], ["created_at", "2018-09-17 04:36:22.094444"], ["updated_at", "2018-09-17 04:36:22.094444"]]
  [1m[35m (0.3ms)[0m  [1m[35mCOMMIT[0m
  [1m[35m (0.1ms)[0m  [1m[35mBEGIN[0m
  [1m[35mSQL (0.2ms)[0m  [1m[32mINSERT INTO "corgis" ("name", "created_at", "updated_at") VALUES ($1, $2, $3) RETURNING "id"[0m  [["name", "Heather"], ["created_at", "2018-09-17 04:36:22.095885"], ["updated_at", "2018-09-17 04:36:22.095885"]]
  [1m[35m (0.4ms)[0m  [1m[35mCOMMIT[0m
  [1m[35m (0.1ms)[0m  [1m[35mBEGIN[0m
  [1m[35mSQL (0.2ms)[0m  [1m[32mINSERT INTO "cats" ("name", "created_at", "updated_at") VALUES ($1, $2, $3) RETURNING "id"[0m  [["name", "Addie"], ["created_at", "2018-09-17 04:36:22.097388"], ["updated_at", "2018-09-17 04:36:22.097388"]]
  [1m[35m (0.3ms)[0m  [1m[35mCOMMIT[0m
  [1m[35m (0.1ms)[0m  [1m[35mBEGIN[0m
  [1m[35mSQL (0.3ms)[0m  [1m[32mINSERT INTO "corgis" ("name", "created_at", "updated_at") VALUES ($1, $2, $3) RETURNING "id"[0m  [["name", "Michael"], ["created_at", "2018-09-17 04:36:22.098844"], ["updated_at", "2018-09-17 04:36:22.098844"]]
  [1m[35m (0.4ms)[0m  [1m[35mCOMMIT[0m
  [1m[35m (0.1ms)[0m  [1m[35mBEGIN[0m
  [1m[35mSQL (0.3ms)[0m  [1m[32mINSERT INTO "cats" ("name", "created_at", "updated_at") VALUES ($1, $2, $3) RETURNING "id"[0m  [["name", "Kenyatta"], ["created_at", "2018-09-17 04:36:22.100570"], ["updated_at", "2018-09-17 04:36:22.100570"]]
  [1m[35m (0.4ms)[0m  [1m[35mCOMMIT[0m
  [1m[35m (0.1ms)[0m  [1m[35mBEGIN[0m
  [1m[36mCat Load (0.2ms)[0m  [1m[34mSELECT  "cats".* FROM "cats" WHERE "cats"."id" = $1 LIMIT $2[0m  [["id", 9], ["LIMIT", 1]]
  [1m[36mToy Exists (0.8ms)[0m  [1m[34mSELECT  1 AS one FROM "toys" WHERE "toys"."name" = $1 AND "toys"."toyable_type" = 'Cat' AND "toys"."toyable_id" = 9 LIMIT $2[0m  [["name", "Captain Hancock Eyes"], ["LIMIT", 1]]
  [1m[35mSQL (0.5ms)[0m  [1m[32mINSERT INTO "toys" ("name", "toyable_type", "toyable_id", "created_at", "updated_at") VALUES ($1, $2, $3, $4, $5) RETURNING "id"[0m  [["name", "Captain Hancock Eyes"], ["toyable_type", "Cat"], ["toyable_id", 9], ["created_at", "2018-09-17 04:36:22.131942"], ["updated_at", "2018-09-17 04:36:22.131942"]]
  [1m[35m (0.4ms)[0m  [1m[35mCOMMIT[0m
  [1m[35m (0.1ms)[0m  [1m[35mBEGIN[0m
  [1m[36mCat Load (0.2ms)[0m  [1m[34mSELECT  "cats".* FROM "cats" WHERE "cats"."id" = $1 LIMIT $2[0m  [["id", 5], ["LIMIT", 1]]
  [1m[36mToy Exists (0.3ms)[0m  [1m[34mSELECT  1 AS one FROM "toys" WHERE "toys"."name" = $1 AND "toys"."toyable_type" = 'Cat' AND "toys"."toyable_id" = 5 LIMIT $2[0m  [["name", "Mr Ajax"], ["LIMIT", 1]]
  [1m[35mSQL (0.2ms)[0m  [1m[32mINSERT INTO "toys" ("name", "toyable_type", "toyable_id", "created_at", "updated_at") VALUES ($1, $2, $3, $4, $5) RETURNING "id"[0m  [["name", "Mr Ajax"], ["toyable_type", "Cat"], ["toyable_id", 5], ["created_at", "2018-09-17 04:36:22.135775"], ["updated_at", "2018-09-17 04:36:22.135775"]]
  [1m[35m (0.4ms)[0m  [1m[35mCOMMIT[0m
  [1m[35m (0.1ms)[0m  [1m[35mBEGIN[0m
  [1m[36mCat Load (0.2ms)[0m  [1m[34mSELECT  "cats".* FROM "cats" WHERE "cats"."id" = $1 LIMIT $2[0m  [["id", 4], ["LIMIT", 1]]
  [1m[36mToy Exists (0.3ms)[0m  [1m[34mSELECT  1 AS one FROM "toys" WHERE "toys"."name" = $1 AND "toys"."toyable_type" = 'Cat' AND "toys"."toyable_id" = 4 LIMIT $2[0m  [["name", "Warpath Fist"], ["LIMIT", 1]]
  [1m[35mSQL (0.2ms)[0m  [1m[32mINSERT INTO "toys" ("name", "toyable_type", "toyable_id", "created_at", "updated_at") VALUES ($1, $2, $3, $4, $5) RETURNING "id"[0m  [["name", "Warpath Fist"], ["toyable_type", "Cat"], ["toyable_id", 4], ["created_at", "2018-09-17 04:36:22.138923"], ["updated_at", "2018-09-17 04:36:22.138923"]]
  [1m[35m (0.4ms)[0m  [1m[35mCOMMIT[0m
  [1m[35m (0.1ms)[0m  [1m[35mBEGIN[0m
  [1m[36mCat Load (0.2ms)[0m  [1m[34mSELECT  "cats".* FROM "cats" WHERE "cats"."id" = $1 LIMIT $2[0m  [["id", 3], ["LIMIT", 1]]
  [1m[36mToy Exists (0.3ms)[0m  [1m[34mSELECT  1 AS one FROM "toys" WHERE "toys"."name" = $1 AND "toys"."toyable_type" = 'Cat' AND "toys"."toyable_id" = 3 LIMIT $2[0m  [["name", "General Hope Summers Girl"], ["LIMIT", 1]]
  [1m[35mSQL (0.3ms)[0m  [1m[32mINSERT INTO "toys" ("name", "toyable_type", "toyable_id", "created_at", "updated_at") VALUES ($1, $2, $3, $4, $5) RETURNING "id"[0m  [["name", "General Hope Summers Girl"], ["toyable_type", "Cat"], ["toyable_id", 3], ["created_at", "2018-09-17 04:36:22.142433"], ["updated_at", "2018-09-17 04:36:22.142433"]]
  [1m[35m (0.4ms)[0m  [1m[35mCOMMIT[0m
  [1m[35m (0.1ms)[0m  [1m[35mBEGIN[0m
  [1m[36mCat Load (0.2ms)[0m  [1m[34mSELECT  "cats".* FROM "cats" WHERE "cats"."id" = $1 LIMIT $2[0m  [["id", 11], ["LIMIT", 1]]
  [1m[36mToy Exists (0.2ms)[0m  [1m[34mSELECT  1 AS one FROM "toys" WHERE "toys"."name" = $1 AND "toys"."toyable_id" IS NULL LIMIT $2[0m  [["name", "Zoom Boy"], ["LIMIT", 1]]
  [1m[35m (0.1ms)[0m  [1m[31mROLLBACK[0m
  [1m[35m (0.1ms)[0m  [1m[35mBEGIN[0m
  [1m[36mCorgi Load (0.2ms)[0m  [1m[34mSELECT  "corgis".* FROM "corgis" WHERE "corgis"."id" = $1 LIMIT $2[0m  [["id", 10], ["LIMIT", 1]]
  [1m[36mToy Exists (0.3ms)[0m  [1m[34mSELECT  1 AS one FROM "toys" WHERE "toys"."name" = $1 AND "toys"."toyable_type" = 'Corgi' AND "toys"."toyable_id" = 10 LIMIT $2[0m  [["name", "Green Shang-Chi Thirteen"], ["LIMIT", 1]]
  [1m[35mSQL (0.2ms)[0m  [1m[32mINSERT INTO "toys" ("name", "toyable_type", "toyable_id", "created_at", "updated_at") VALUES ($1, $2, $3, $4, $5) RETURNING "id"[0m  [["name", "Green Shang-Chi Thirteen"], ["toyable_type", "Corgi"], ["toyable_id", 10], ["created_at", "2018-09-17 04:36:22.148977"], ["updated_at", "2018-09-17 04:36:22.148977"]]
  [1m[35m (0.4ms)[0m  [1m[35mCOMMIT[0m
  [1m[35m (0.2ms)[0m  [1m[35mBEGIN[0m
  [1m[36mCorgi Load (0.2ms)[0m  [1m[34mSELECT  "corgis".* FROM "corgis" WHERE "corgis"."id" = $1 LIMIT $2[0m  [["id", 6], ["LIMIT", 1]]
  [1m[36mToy Exists (0.3ms)[0m  [1m[34mSELECT  1 AS one FROM "toys" WHERE "toys"."name" = $1 AND "toys"."toyable_type" = 'Corgi' AND "toys"."toyable_id" = 6 LIMIT $2[0m  [["name", "Illustrious Renata Soliz"], ["LIMIT", 1]]
  [1m[35mSQL (0.3ms)[0m  [1m[32mINSERT INTO "toys" ("name", "toyable_type", "toyable_id", "created_at", "updated_at") VALUES ($1, $2, $3, $4, $5) RETURNING "id"[0m  [["name", "Illustrious Renata Soliz"], ["toyable_type", "Corgi"], ["toyable_id", 6], ["created_at", "2018-09-17 04:36:22.152500"], ["updated_at", "2018-09-17 04:36:22.152500"]]
  [1m[35m (0.4ms)[0m  [1m[35mCOMMIT[0m
  [1m[35m (0.1ms)[0m  [1m[35mBEGIN[0m
  [1m[36mCorgi Load (0.2ms)[0m  [1m[34mSELECT  "corgis".* FROM "corgis" WHERE "corgis"."id" = $1 LIMIT $2[0m  [["id", 11], ["LIMIT", 1]]
  [1m[36mToy Exists (0.3ms)[0m  [1m[34mSELECT  1 AS one FROM "toys" WHERE "toys"."name" = $1 AND "toys"."toyable_id" IS NULL LIMIT $2[0m  [["name", "Bumblebee Man"], ["LIMIT", 1]]
  [1m[35m (0.1ms)[0m  [1m[31mROLLBACK[0m
  [1m[35m (0.1ms)[0m  [1m[35mBEGIN[0m
  [1m[36mCorgi Load (0.3ms)[0m  [1m[34mSELECT  "corgis".* FROM "corgis" WHERE "corgis"."id" = $1 LIMIT $2[0m  [["id", 8], ["LIMIT", 1]]
  [1m[36mToy Exists (0.3ms)[0m  [1m[34mSELECT  1 AS one FROM "toys" WHERE "toys"."name" = $1 AND "toys"."toyable_type" = 'Corgi' AND "toys"."toyable_id" = 8 LIMIT $2[0m  [["name", "Bat"], ["LIMIT", 1]]
  [1m[35mSQL (0.3ms)[0m  [1m[32mINSERT INTO "toys" ("name", "toyable_type", "toyable_id", "created_at", "updated_at") VALUES ($1, $2, $3, $4, $5) RETURNING "id"[0m  [["name", "Bat"], ["toyable_type", "Corgi"], ["toyable_id", 8], ["created_at", "2018-09-17 04:36:22.158400"], ["updated_at", "2018-09-17 04:36:22.158400"]]
  [1m[35m (0.4ms)[0m  [1m[35mCOMMIT[0m
  [1m[35m (0.1ms)[0m  [1m[35mBEGIN[0m
  [1m[36mCorgi Load (0.2ms)[0m  [1m[34mSELECT  "corgis".* FROM "corgis" WHERE "corgis"."id" = $1 LIMIT $2[0m  [["id", 6], ["LIMIT", 1]]
  [1m[36mToy Exists (0.3ms)[0m  [1m[34mSELECT  1 AS one FROM "toys" WHERE "toys"."name" = $1 AND "toys"."toyable_type" = 'Corgi' AND "toys"."toyable_id" = 6 LIMIT $2[0m  [["name", "Wyatt Wingfoot"], ["LIMIT", 1]]
  [1m[35mSQL (0.3ms)[0m  [1m[32mINSERT INTO "toys" ("name", "toyable_type", "toyable_id", "created_at", "updated_at") VALUES ($1, $2, $3, $4, $5) RETURNING "id"[0m  [["name", "Wyatt Wingfoot"], ["toyable_type", "Corgi"], ["toyable_id", 6], ["created_at", "2018-09-17 04:36:22.161656"], ["updated_at", "2018-09-17 04:36:22.161656"]]
  [1m[35m (0.4ms)[0m  [1m[35mCOMMIT[0m
  [1m[35m (0.1ms)[0m  [1m[35mBEGIN[0m
  [1m[36mCorgi Load (0.2ms)[0m  [1m[34mSELECT  "corgis".* FROM "corgis" WHERE "corgis"."id" = $1 LIMIT $2[0m  [["id", 11], ["LIMIT", 1]]
  [1m[36mToy Exists (0.2ms)[0m  [1m[34mSELECT  1 AS one FROM "toys" WHERE "toys"."name" = $1 AND "toys"."toyable_id" IS NULL LIMIT $2[0m  [["name", "The Ares Lord"], ["LIMIT", 1]]
  [1m[35m (0.1ms)[0m  [1m[31mROLLBACK[0m
  [1m[35m (0.1ms)[0m  [1m[35mBEGIN[0m
  [1m[36mCorgi Load (0.2ms)[0m  [1m[34mSELECT  "corgis".* FROM "corgis" WHERE "corgis"."id" = $1 LIMIT $2[0m  [["id", 10], ["LIMIT", 1]]
  [1m[36mToy Exists (0.3ms)[0m  [1m[34mSELECT  1 AS one FROM "toys" WHERE "toys"."name" = $1 AND "toys"."toyable_type" = 'Corgi' AND "toys"."toyable_id" = 10 LIMIT $2[0m  [["name", "Overtkill I"], ["LIMIT", 1]]
  [1m[35mSQL (0.2ms)[0m  [1m[32mINSERT INTO "toys" ("name", "toyable_type", "toyable_id", "created_at", "updated_at") VALUES ($1, $2, $3, $4, $5) RETURNING "id"[0m  [["name", "Overtkill I"], ["toyable_type", "Corgi"], ["toyable_id", 10], ["created_at", "2018-09-17 04:36:22.166952"], ["updated_at", "2018-09-17 04:36:22.166952"]]
  [1m[35m (0.4ms)[0m  [1m[35mCOMMIT[0m
  [1m[35m (0.1ms)[0m  [1m[35mBEGIN[0m
  [1m[36mCat Load (0.2ms)[0m  [1m[34mSELECT  "cats".* FROM "cats" WHERE "cats"."id" = $1 LIMIT $2[0m  [["id", 1], ["LIMIT", 1]]
  [1m[36mToy Exists (0.3ms)[0m  [1m[34mSELECT  1 AS one FROM "toys" WHERE "toys"."name" = $1 AND "toys"."toyable_type" = 'Cat' AND "toys"."toyable_id" = 1 LIMIT $2[0m  [["name", "Giant Blizzard Spirit"], ["LIMIT", 1]]
  [1m[35mSQL (0.3ms)[0m  [1m[32mINSERT INTO "toys" ("name", "toyable_type", "toyable_id", "created_at", "updated_at") VALUES ($1, $2, $3, $4, $5) RETURNING "id"[0m  [["name", "Giant Blizzard Spirit"], ["toyable_type", "Cat"], ["toyable_id", 1], ["created_at", "2018-09-17 04:36:22.169968"], ["updated_at", "2018-09-17 04:36:22.169968"]]
  [1m[35m (0.4ms)[0m  [1m[35mCOMMIT[0m
  [1m[35m (0.1ms)[0m  [1m[35mBEGIN[0m
  [1m[36mCorgi Load (0.2ms)[0m  [1m[34mSELECT  "corgis".* FROM "corgis" WHERE "corgis"."id" = $1 LIMIT $2[0m  [["id", 1], ["LIMIT", 1]]
  [1m[36mToy Exists (0.4ms)[0m  [1m[34mSELECT  1 AS one FROM "toys" WHERE "toys"."name" = $1 AND "toys"."toyable_type" = 'Corgi' AND "toys"."toyable_id" = 1 LIMIT $2[0m  [["name", "Giant Violet"], ["LIMIT", 1]]
  [1m[35mSQL (0.3ms)[0m  [1m[32mINSERT INTO "toys" ("name", "toyable_type", "toyable_id", "created_at", "updated_at") VALUES ($1, $2, $3, $4, $5) RETURNING "id"[0m  [["name", "Giant Violet"], ["toyable_type", "Corgi"], ["toyable_id", 1], ["created_at", "2018-09-17 04:36:22.173388"], ["updated_at", "2018-09-17 04:36:22.173388"]]
  [1m[35m (0.4ms)[0m  [1m[35mCOMMIT[0m
  [1m[35m (0.1ms)[0m  [1m[35mBEGIN[0m
  [1m[36mCat Load (0.1ms)[0m  [1m[34mSELECT  "cats".* FROM "cats" WHERE "cats"."id" = $1 LIMIT $2[0m  [["id", 8], ["LIMIT", 1]]
  [1m[36mToy Exists (0.3ms)[0m  [1m[34mSELECT  1 AS one FROM "toys" WHERE "toys"."name" = $1 AND "toys"."toyable_type" = 'Cat' AND "toys"."toyable_id" = 8 LIMIT $2[0m  [["name", "General Hobgoblin Man"], ["LIMIT", 1]]
  [1m[35mSQL (0.2ms)[0m  [1m[32mINSERT INTO "toys" ("name", "toyable_type", "toyable_id", "created_at", "updated_at") VALUES ($1, $2, $3, $4, $5) RETURNING "id"[0m  [["name", "General Hobgoblin Man"], ["toyable_type", "Cat"], ["toyable_id", 8], ["created_at", "2018-09-17 04:36:22.177012"], ["updated_at", "2018-09-17 04:36:22.177012"]]
  [1m[35m (0.4ms)[0m  [1m[35mCOMMIT[0m
  [1m[35m (0.1ms)[0m  [1m[35mBEGIN[0m
  [1m[36mCat Load (0.1ms)[0m  [1m[34mSELECT  "cats".* FROM "cats" WHERE "cats"."id" = $1 LIMIT $2[0m  [["id", 5], ["LIMIT", 1]]
  [1m[36mToy Exists (0.3ms)[0m  [1m[34mSELECT  1 AS one FROM "toys" WHERE "toys"."name" = $1 AND "toys"."toyable_type" = 'Cat' AND "toys"."toyable_id" = 5 LIMIT $2[0m  [["name", "Renata Soliz"], ["LIMIT", 1]]
  [1m[35mSQL (0.2ms)[0m  [1m[32mINSERT INTO "toys" ("name", "toyable_type", "toyable_id", "created_at", "updated_at") VALUES ($1, $2, $3, $4, $5) RETURNING "id"[0m  [["name", "Renata Soliz"], ["toyable_type", "Cat"], ["toyable_id", 5], ["created_at", "2018-09-17 04:36:22.179904"], ["updated_at", "2018-09-17 04:36:22.179904"]]
  [1m[35m (0.4ms)[0m  [1m[35mCOMMIT[0m
  [1m[35m (0.1ms)[0m  [1m[35mBEGIN[0m
  [1m[36mCorgi Load (0.2ms)[0m  [1m[34mSELECT  "corgis".* FROM "corgis" WHERE "corgis"."id" = $1 LIMIT $2[0m  [["id", 3], ["LIMIT", 1]]
  [1m[36mToy Exists (0.3ms)[0m  [1m[34mSELECT  1 AS one FROM "toys" WHERE "toys"."name" = $1 AND "toys"."toyable_type" = 'Corgi' AND "toys"."toyable_id" = 3 LIMIT $2[0m  [["name", "Joker I"], ["LIMIT", 1]]
  [1m[35mSQL (0.2ms)[0m  [1m[32mINSERT INTO "toys" ("name", "toyable_type", "toyable_id", "created_at", "updated_at") VALUES ($1, $2, $3, $4, $5) RETURNING "id"[0m  [["name", "Joker I"], ["toyable_type", "Corgi"], ["toyable_id", 3], ["created_at", "2018-09-17 04:36:22.182981"], ["updated_at", "2018-09-17 04:36:22.182981"]]
  [1m[35m (0.4ms)[0m  [1m[35mCOMMIT[0m
  [1m[35m (0.1ms)[0m  [1m[35mBEGIN[0m
  [1m[36mCat Load (0.1ms)[0m  [1m[34mSELECT  "cats".* FROM "cats" WHERE "cats"."id" = $1 LIMIT $2[0m  [["id", 7], ["LIMIT", 1]]
  [1m[36mToy Exists (0.3ms)[0m  [1m[34mSELECT  1 AS one FROM "toys" WHERE "toys"."name" = $1 AND "toys"."toyable_type" = 'Cat' AND "toys"."toyable_id" = 7 LIMIT $2[0m  [["name", "Iron Fist"], ["LIMIT", 1]]
  [1m[35mSQL (0.3ms)[0m  [1m[32mINSERT INTO "toys" ("name", "toyable_type", "toyable_id", "created_at", "updated_at") VALUES ($1, $2, $3, $4, $5) RETURNING "id"[0m  [["name", "Iron Fist"], ["toyable_type", "Cat"], ["toyable_id", 7], ["created_at", "2018-09-17 04:36:22.186229"], ["updated_at", "2018-09-17 04:36:22.186229"]]
  [1m[35m (0.5ms)[0m  [1m[35mCOMMIT[0m
  [1m[35m (0.1ms)[0m  [1m[35mBEGIN[0m
  [1m[36mCorgi Load (0.1ms)[0m  [1m[34mSELECT  "corgis".* FROM "corgis" WHERE "corgis"."id" = $1 LIMIT $2[0m  [["id", 5], ["LIMIT", 1]]
  [1m[36mToy Exists (0.4ms)[0m  [1m[34mSELECT  1 AS one FROM "toys" WHERE "toys"."name" = $1 AND "toys"."toyable_type" = 'Corgi' AND "toys"."toyable_id" = 5 LIMIT $2[0m  [["name", "Agent Spider the Hunter"], ["LIMIT", 1]]
  [1m[35mSQL (0.3ms)[0m  [1m[32mINSERT INTO "toys" ("name", "toyable_type", "toyable_id", "created_at", "updated_at") VALUES ($1, $2, $3, $4, $5) RETURNING "id"[0m  [["name", "Agent Spider the Hunter"], ["toyable_type", "Corgi"], ["toyable_id", 5], ["created_at", "2018-09-17 04:36:22.189663"], ["updated_at", "2018-09-17 04:36:22.189663"]]
  [1m[35m (0.5ms)[0m  [1m[35mCOMMIT[0m
  [1m[35m (0.1ms)[0m  [1m[35mBEGIN[0m
  [1m[36mCat Load (0.1ms)[0m  [1m[34mSELECT  "cats".* FROM "cats" WHERE "cats"."id" = $1 LIMIT $2[0m  [["id", 5], ["LIMIT", 1]]
  [1m[36mToy Exists (0.3ms)[0m  [1m[34mSELECT  1 AS one FROM "toys" WHERE "toys"."name" = $1 AND "toys"."toyable_type" = 'Cat' AND "toys"."toyable_id" = 5 LIMIT $2[0m  [["name", "Box of Hearts"], ["LIMIT", 1]]
  [1m[35mSQL (0.2ms)[0m  [1m[32mINSERT INTO "toys" ("name", "toyable_type", "toyable_id", "created_at", "updated_at") VALUES ($1, $2, $3, $4, $5) RETURNING "id"[0m  [["name", "Box of Hearts"], ["toyable_type", "Cat"], ["toyable_id", 5], ["created_at", "2018-09-17 04:36:22.192975"], ["updated_at", "2018-09-17 04:36:22.192975"]]
  [1m[35m (0.4ms)[0m  [1m[35mCOMMIT[0m
  [1m[35m (0.1ms)[0m  [1m[35mBEGIN[0m
  [1m[36mCat Load (0.1ms)[0m  [1m[34mSELECT  "cats".* FROM "cats" WHERE "cats"."id" = $1 LIMIT $2[0m  [["id", 9], ["LIMIT", 1]]
  [1m[36mToy Exists (0.3ms)[0m  [1m[34mSELECT  1 AS one FROM "toys" WHERE "toys"."name" = $1 AND "toys"."toyable_type" = 'Cat' AND "toys"."toyable_id" = 9 LIMIT $2[0m  [["name", "Nina Theroux Dragon"], ["LIMIT", 1]]
  [1m[35mSQL (0.3ms)[0m  [1m[32mINSERT INTO "toys" ("name", "toyable_type", "toyable_id", "created_at", "updated_at") VALUES ($1, $2, $3, $4, $5) RETURNING "id"[0m  [["name", "Nina Theroux Dragon"], ["toyable_type", "Cat"], ["toyable_id", 9], ["created_at", "2018-09-17 04:36:22.196111"], ["updated_at", "2018-09-17 04:36:22.196111"]]
  [1m[35m (0.4ms)[0m  [1m[35mCOMMIT[0m
  [1m[35m (0.1ms)[0m  [1m[35mBEGIN[0m
  [1m[36mCorgi Load (0.1ms)[0m  [1m[34mSELECT  "corgis".* FROM "corgis" WHERE "corgis"."id" = $1 LIMIT $2[0m  [["id", 10], ["LIMIT", 1]]
  [1m[36mToy Exists (0.3ms)[0m  [1m[34mSELECT  1 AS one FROM "toys" WHERE "toys"."name" = $1 AND "toys"."toyable_type" = 'Corgi' AND "toys"."toyable_id" = 10 LIMIT $2[0m  [["name", "Deadshot"], ["LIMIT", 1]]
  [1m[35mSQL (0.2ms)[0m  [1m[32mINSERT INTO "toys" ("name", "toyable_type", "toyable_id", "created_at", "updated_at") VALUES ($1, $2, $3, $4, $5) RETURNING "id"[0m  [["name", "Deadshot"], ["toyable_type", "Corgi"], ["toyable_id", 10], ["created_at", "2018-09-17 04:36:22.199184"], ["updated_at", "2018-09-17 04:36:22.199184"]]
  [1m[35m (0.4ms)[0m  [1m[35mCOMMIT[0m
  [1m[35m (0.1ms)[0m  [1m[35mBEGIN[0m
  [1m[36mCorgi Load (0.1ms)[0m  [1m[34mSELECT  "corgis".* FROM "corgis" WHERE "corgis"."id" = $1 LIMIT $2[0m  [["id", 11], ["LIMIT", 1]]
  [1m[36mToy Exists (0.3ms)[0m  [1m[34mSELECT  1 AS one FROM "toys" WHERE "toys"."name" = $1 AND "toys"."toyable_id" IS NULL LIMIT $2[0m  [["name", "Siren"], ["LIMIT", 1]]
  [1m[35m (0.1ms)[0m  [1m[31mROLLBACK[0m
  [1m[35m (0.1ms)[0m  [1m[35mBEGIN[0m
  [1m[36mCorgi Load (0.2ms)[0m  [1m[34mSELECT  "corgis".* FROM "corgis" WHERE "corgis"."id" = $1 LIMIT $2[0m  [["id", 6], ["LIMIT", 1]]
  [1m[36mToy Exists (0.3ms)[0m  [1m[34mSELECT  1 AS one FROM "toys" WHERE "toys"."name" = $1 AND "toys"."toyable_type" = 'Corgi' AND "toys"."toyable_id" = 6 LIMIT $2[0m  [["name", "Giant Rorschach"], ["LIMIT", 1]]
  [1m[35mSQL (0.3ms)[0m  [1m[32mINSERT INTO "toys" ("name", "toyable_type", "toyable_id", "created_at", "updated_at") VALUES ($1, $2, $3, $4, $5) RETURNING "id"[0m  [["name", "Giant Rorschach"], ["toyable_type", "Corgi"], ["toyable_id", 6], ["created_at", "2018-09-17 04:36:22.205197"], ["updated_at", "2018-09-17 04:36:22.205197"]]
  [1m[35m (0.3ms)[0m  [1m[35mCOMMIT[0m
  [1m[35m (0.1ms)[0m  [1m[35mBEGIN[0m
  [1m[36mCat Load (0.1ms)[0m  [1m[34mSELECT  "cats".* FROM "cats" WHERE "cats"."id" = $1 LIMIT $2[0m  [["id", 6], ["LIMIT", 1]]
  [1m[36mToy Exists (0.3ms)[0m  [1m[34mSELECT  1 AS one FROM "toys" WHERE "toys"."name" = $1 AND "toys"."toyable_type" = 'Cat' AND "toys"."toyable_id" = 6 LIMIT $2[0m  [["name", "Beak I"], ["LIMIT", 1]]
  [1m[35mSQL (0.3ms)[0m  [1m[32mINSERT INTO "toys" ("name", "toyable_type", "toyable_id", "created_at", "updated_at") VALUES ($1, $2, $3, $4, $5) RETURNING "id"[0m  [["name", "Beak I"], ["toyable_type", "Cat"], ["toyable_id", 6], ["created_at", "2018-09-17 04:36:22.208294"], ["updated_at", "2018-09-17 04:36:22.208294"]]
  [1m[35m (0.4ms)[0m  [1m[35mCOMMIT[0m
  [1m[35m (0.1ms)[0m  [1m[35mBEGIN[0m
  [1m[36mCorgi Load (0.1ms)[0m  [1m[34mSELECT  "corgis".* FROM "corgis" WHERE "corgis"."id" = $1 LIMIT $2[0m  [["id", 3], ["LIMIT", 1]]
  [1m[36mToy Exists (0.3ms)[0m  [1m[34mSELECT  1 AS one FROM "toys" WHERE "toys"."name" = $1 AND "toys"."toyable_type" = 'Corgi' AND "toys"."toyable_id" = 3 LIMIT $2[0m  [["name", "Doppelganger Strange"], ["LIMIT", 1]]
  [1m[35mSQL (0.2ms)[0m  [1m[32mINSERT INTO "toys" ("name", "toyable_type", "toyable_id", "created_at", "updated_at") VALUES ($1, $2, $3, $4, $5) RETURNING "id"[0m  [["name", "Doppelganger Strange"], ["toyable_type", "Corgi"], ["toyable_id", 3], ["created_at", "2018-09-17 04:36:22.211223"], ["updated_at", "2018-09-17 04:36:22.211223"]]
  [1m[35m (0.4ms)[0m  [1m[35mCOMMIT[0m
  [1m[35m (0.2ms)[0m  [1m[35mBEGIN[0m
  [1m[36mCat Load (0.1ms)[0m  [1m[34mSELECT  "cats".* FROM "cats" WHERE "cats"."id" = $1 LIMIT $2[0m  [["id", 1], ["LIMIT", 1]]
  [1m[36mToy Exists (0.3ms)[0m  [1m[34mSELECT  1 AS one FROM "toys" WHERE "toys"."name" = $1 AND "toys"."toyable_type" = 'Cat' AND "toys"."toyable_id" = 1 LIMIT $2[0m  [["name", "Bird"], ["LIMIT", 1]]
  [1m[35mSQL (0.3ms)[0m  [1m[32mINSERT INTO "toys" ("name", "toyable_type", "toyable_id", "created_at", "updated_at") VALUES ($1, $2, $3, $4, $5) RETURNING "id"[0m  [["name", "Bird"], ["toyable_type", "Cat"], ["toyable_id", 1], ["created_at", "2018-09-17 04:36:22.214616"], ["updated_at", "2018-09-17 04:36:22.214616"]]
  [1m[35m (0.4ms)[0m  [1m[35mCOMMIT[0m
  [1m[35m (0.1ms)[0m  [1m[35mBEGIN[0m
  [1m[36mCorgi Load (0.1ms)[0m  [1m[34mSELECT  "corgis".* FROM "corgis" WHERE "corgis"."id" = $1 LIMIT $2[0m  [["id", 10], ["LIMIT", 1]]
  [1m[36mToy Exists (0.3ms)[0m  [1m[34mSELECT  1 AS one FROM "toys" WHERE "toys"."name" = $1 AND "toys"."toyable_type" = 'Corgi' AND "toys"."toyable_id" = 10 LIMIT $2[0m  [["name", "Mr Triton I"], ["LIMIT", 1]]
  [1m[35mSQL (0.3ms)[0m  [1m[32mINSERT INTO "toys" ("name", "toyable_type", "toyable_id", "created_at", "updated_at") VALUES ($1, $2, $3, $4, $5) RETURNING "id"[0m  [["name", "Mr Triton I"], ["toyable_type", "Corgi"], ["toyable_id", 10], ["created_at", "2018-09-17 04:36:22.217853"], ["updated_at", "2018-09-17 04:36:22.217853"]]
  [1m[35m (0.4ms)[0m  [1m[35mCOMMIT[0m
  [1m[35m (0.1ms)[0m  [1m[35mBEGIN[0m
  [1m[36mCorgi Load (0.2ms)[0m  [1m[34mSELECT  "corgis".* FROM "corgis" WHERE "corgis"."id" = $1 LIMIT $2[0m  [["id", 1], ["LIMIT", 1]]
  [1m[36mToy Exists (0.4ms)[0m  [1m[34mSELECT  1 AS one FROM "toys" WHERE "toys"."name" = $1 AND "toys"."toyable_type" = 'Corgi' AND "toys"."toyable_id" = 1 LIMIT $2[0m  [["name", "General Hyperion IX"], ["LIMIT", 1]]
  [1m[35mSQL (0.3ms)[0m  [1m[32mINSERT INTO "toys" ("name", "toyable_type", "toyable_id", "created_at", "updated_at") VALUES ($1, $2, $3, $4, $5) RETURNING "id"[0m  [["name", "General Hyperion IX"], ["toyable_type", "Corgi"], ["toyable_id", 1], ["created_at", "2018-09-17 04:36:22.221780"], ["updated_at", "2018-09-17 04:36:22.221780"]]
  [1m[35m (0.4ms)[0m  [1m[35mCOMMIT[0m
  [1m[35m (0.1ms)[0m  [1m[35mBEGIN[0m
  [1m[36mCat Load (0.2ms)[0m  [1m[34mSELECT  "cats".* FROM "cats" WHERE "cats"."id" = $1 LIMIT $2[0m  [["id", 1], ["LIMIT", 1]]
  [1m[36mToy Exists (0.3ms)[0m  [1m[34mSELECT  1 AS one FROM "toys" WHERE "toys"."name" = $1 AND "toys"."toyable_type" = 'Cat' AND "toys"."toyable_id" = 1 LIMIT $2[0m  [["name", "Tempest Wolf"], ["LIMIT", 1]]
  [1m[35mSQL (0.3ms)[0m  [1m[32mINSERT INTO "toys" ("name", "toyable_type", "toyable_id", "created_at", "updated_at") VALUES ($1, $2, $3, $4, $5) RETURNING "id"[0m  [["name", "Tempest Wolf"], ["toyable_type", "Cat"], ["toyable_id", 1], ["created_at", "2018-09-17 04:36:22.225266"], ["updated_at", "2018-09-17 04:36:22.225266"]]
  [1m[35m (0.3ms)[0m  [1m[35mCOMMIT[0m
  [1m[35m (0.1ms)[0m  [1m[35mBEGIN[0m
  [1m[36mCorgi Load (0.1ms)[0m  [1m[34mSELECT  "corgis".* FROM "corgis" WHERE "corgis"."id" = $1 LIMIT $2[0m  [["id", 5], ["LIMIT", 1]]
  [1m[36mToy Exists (0.3ms)[0m  [1m[34mSELECT  1 AS one FROM "toys" WHERE "toys"."name" = $1 AND "toys"."toyable_type" = 'Corgi' AND "toys"."toyable_id" = 5 LIMIT $2[0m  [["name", "Morlun"], ["LIMIT", 1]]
  [1m[35mSQL (0.3ms)[0m  [1m[32mINSERT INTO "toys" ("name", "toyable_type", "toyable_id", "created_at", "updated_at") VALUES ($1, $2, $3, $4, $5) RETURNING "id"[0m  [["name", "Morlun"], ["toyable_type", "Corgi"], ["toyable_id", 5], ["created_at", "2018-09-17 04:36:22.228204"], ["updated_at", "2018-09-17 04:36:22.228204"]]
  [1m[35m (0.3ms)[0m  [1m[35mCOMMIT[0m
  [1m[35m (0.1ms)[0m  [1m[35mBEGIN[0m
  [1m[36mCorgi Load (0.1ms)[0m  [1m[34mSELECT  "corgis".* FROM "corgis" WHERE "corgis"."id" = $1 LIMIT $2[0m  [["id", 2], ["LIMIT", 1]]
  [1m[36mToy Exists (0.3ms)[0m  [1m[34mSELECT  1 AS one FROM "toys" WHERE "toys"."name" = $1 AND "toys"."toyable_type" = 'Corgi' AND "toys"."toyable_id" = 2 LIMIT $2[0m  [["name", "Captain Blade"], ["LIMIT", 1]]
  [1m[35mSQL (0.2ms)[0m  [1m[32mINSERT INTO "toys" ("name", "toyable_type", "toyable_id", "created_at", "updated_at") VALUES ($1, $2, $3, $4, $5) RETURNING "id"[0m  [["name", "Captain Blade"], ["toyable_type", "Corgi"], ["toyable_id", 2], ["created_at", "2018-09-17 04:36:22.231126"], ["updated_at", "2018-09-17 04:36:22.231126"]]
  [1m[35m (0.5ms)[0m  [1m[35mCOMMIT[0m
  [1m[35m (0.1ms)[0m  [1m[35mBEGIN[0m
  [1m[36mCat Load (0.1ms)[0m  [1m[34mSELECT  "cats".* FROM "cats" WHERE "cats"."id" = $1 LIMIT $2[0m  [["id", 5], ["LIMIT", 1]]
  [1m[36mToy Exists (0.3ms)[0m  [1m[34mSELECT  1 AS one FROM "toys" WHERE "toys"."name" = $1 AND "toys"."toyable_type" = 'Cat' AND "toys"."toyable_id" = 5 LIMIT $2[0m  [["name", "Redeemer"], ["LIMIT", 1]]
  [1m[35mSQL (0.2ms)[0m  [1m[32mINSERT INTO "toys" ("name", "toyable_type", "toyable_id", "created_at", "updated_at") VALUES ($1, $2, $3, $4, $5) RETURNING "id"[0m  [["name", "Redeemer"], ["toyable_type", "Cat"], ["toyable_id", 5], ["created_at", "2018-09-17 04:36:22.234275"], ["updated_at", "2018-09-17 04:36:22.234275"]]
  [1m[35m (0.3ms)[0m  [1m[35mCOMMIT[0m
  [1m[35m (0.1ms)[0m  [1m[35mBEGIN[0m
  [1m[36mCorgi Load (0.1ms)[0m  [1m[34mSELECT  "corgis".* FROM "corgis" WHERE "corgis"."id" = $1 LIMIT $2[0m  [["id", 3], ["LIMIT", 1]]
  [1m[36mToy Exists (0.3ms)[0m  [1m[34mSELECT  1 AS one FROM "toys" WHERE "toys"."name" = $1 AND "toys"."toyable_type" = 'Corgi' AND "toys"."toyable_id" = 3 LIMIT $2[0m  [["name", "Magus"], ["LIMIT", 1]]
  [1m[35mSQL (0.2ms)[0m  [1m[32mINSERT INTO "toys" ("name", "toyable_type", "toyable_id", "created_at", "updated_at") VALUES ($1, $2, $3, $4, $5) RETURNING "id"[0m  [["name", "Magus"], ["toyable_type", "Corgi"], ["toyable_id", 3], ["created_at", "2018-09-17 04:36:22.237214"], ["updated_at", "2018-09-17 04:36:22.237214"]]
  [1m[35m (0.4ms)[0m  [1m[35mCOMMIT[0m
  [1m[35m (0.1ms)[0m  [1m[35mBEGIN[0m
  [1m[36mCat Load (0.1ms)[0m  [1m[34mSELECT  "cats".* FROM "cats" WHERE "cats"."id" = $1 LIMIT $2[0m  [["id", 6], ["LIMIT", 1]]
  [1m[36mToy Exists (0.3ms)[0m  [1m[34mSELECT  1 AS one FROM "toys" WHERE "toys"."name" = $1 AND "toys"."toyable_type" = 'Cat' AND "toys"."toyable_id" = 6 LIMIT $2[0m  [["name", "Supah Vision"], ["LIMIT", 1]]
  [1m[35mSQL (0.2ms)[0m  [1m[32mINSERT INTO "toys" ("name", "toyable_type", "toyable_id", "created_at", "updated_at") VALUES ($1, $2, $3, $4, $5) RETURNING "id"[0m  [["name", "Supah Vision"], ["toyable_type", "Cat"], ["toyable_id", 6], ["created_at", "2018-09-17 04:36:22.240287"], ["updated_at", "2018-09-17 04:36:22.240287"]]
  [1m[35m (0.4ms)[0m  [1m[35mCOMMIT[0m
  [1m[35m (0.1ms)[0m  [1m[35mBEGIN[0m
  [1m[36mCorgi Load (0.1ms)[0m  [1m[34mSELECT  "corgis".* FROM "corgis" WHERE "corgis"."id" = $1 LIMIT $2[0m  [["id", 3], ["LIMIT", 1]]
  [1m[36mToy Exists (0.3ms)[0m  [1m[34mSELECT  1 AS one FROM "toys" WHERE "toys"."name" = $1 AND "toys"."toyable_type" = 'Corgi' AND "toys"."toyable_id" = 3 LIMIT $2[0m  [["name", "Rick Flag Machine"], ["LIMIT", 1]]
  [1m[35mSQL (0.3ms)[0m  [1m[32mINSERT INTO "toys" ("name", "toyable_type", "toyable_id", "created_at", "updated_at") VALUES ($1, $2, $3, $4, $5) RETURNING "id"[0m  [["name", "Rick Flag Machine"], ["toyable_type", "Corgi"], ["toyable_id", 3], ["created_at", "2018-09-17 04:36:22.243451"], ["updated_at", "2018-09-17 04:36:22.243451"]]
  [1m[35m (0.4ms)[0m  [1m[35mCOMMIT[0m
  [1m[35m (0.1ms)[0m  [1m[35mBEGIN[0m
  [1m[36mCorgi Load (0.1ms)[0m  [1m[34mSELECT  "corgis".* FROM "corgis" WHERE "corgis"."id" = $1 LIMIT $2[0m  [["id", 11], ["LIMIT", 1]]
  [1m[36mToy Exists (0.2ms)[0m  [1m[34mSELECT  1 AS one FROM "toys" WHERE "toys"."name" = $1 AND "toys"."toyable_id" IS NULL LIMIT $2[0m  [["name", "Dark Longshot Dragon"], ["LIMIT", 1]]
  [1m[35m (0.1ms)[0m  [1m[31mROLLBACK[0m
  [1m[35m (0.1ms)[0m  [1m[35mBEGIN[0m
  [1m[36mCorgi Load (0.2ms)[0m  [1m[34mSELECT  "corgis".* FROM "corgis" WHERE "corgis"."id" = $1 LIMIT $2[0m  [["id", 3], ["LIMIT", 1]]
  [1m[36mToy Exists (0.3ms)[0m  [1m[34mSELECT  1 AS one FROM "toys" WHERE "toys"."name" = $1 AND "toys"."toyable_type" = 'Corgi' AND "toys"."toyable_id" = 3 LIMIT $2[0m  [["name", "Dark ERG Man"], ["LIMIT", 1]]
  [1m[35mSQL (0.2ms)[0m  [1m[32mINSERT INTO "toys" ("name", "toyable_type", "toyable_id", "created_at", "updated_at") VALUES ($1, $2, $3, $4, $5) RETURNING "id"[0m  [["name", "Dark ERG Man"], ["toyable_type", "Corgi"], ["toyable_id", 3], ["created_at", "2018-09-17 04:36:22.248771"], ["updated_at", "2018-09-17 04:36:22.248771"]]
  [1m[35m (0.4ms)[0m  [1m[35mCOMMIT[0m
  [1m[35m (0.1ms)[0m  [1m[35mBEGIN[0m
  [1m[36mCorgi Load (0.1ms)[0m  [1m[34mSELECT  "corgis".* FROM "corgis" WHERE "corgis"."id" = $1 LIMIT $2[0m  [["id", 3], ["LIMIT", 1]]
  [1m[36mToy Exists (0.3ms)[0m  [1m[34mSELECT  1 AS one FROM "toys" WHERE "toys"."name" = $1 AND "toys"."toyable_type" = 'Corgi' AND "toys"."toyable_id" = 3 LIMIT $2[0m  [["name", "Agent Brainiac Eyes"], ["LIMIT", 1]]
  [1m[35mSQL (0.2ms)[0m  [1m[32mINSERT INTO "toys" ("name", "toyable_type", "toyable_id", "created_at", "updated_at") VALUES ($1, $2, $3, $4, $5) RETURNING "id"[0m  [["name", "Agent Brainiac Eyes"], ["toyable_type", "Corgi"], ["toyable_id", 3], ["created_at", "2018-09-17 04:36:22.251689"], ["updated_at", "2018-09-17 04:36:22.251689"]]
  [1m[35m (0.4ms)[0m  [1m[35mCOMMIT[0m
  [1m[35m (0.2ms)[0m  [1m[35mBEGIN[0m
  [1m[36mCorgi Load (0.1ms)[0m  [1m[34mSELECT  "corgis".* FROM "corgis" WHERE "corgis"."id" = $1 LIMIT $2[0m  [["id", 11], ["LIMIT", 1]]
  [1m[36mToy Exists (0.2ms)[0m  [1m[34mSELECT  1 AS one FROM "toys" WHERE "toys"."name" = $1 AND "toys"."toyable_id" IS NULL LIMIT $2[0m  [["name", "Bantam Boy"], ["LIMIT", 1]]
  [1m[35m (0.1ms)[0m  [1m[31mROLLBACK[0m
  [1m[36mCat Load (0.6ms)[0m  [1m[34mSELECT "cats".* FROM "cats"[0m
  [1m[36mCorgi Load (0.7ms)[0m  [1m[34mSELECT "corgis".* FROM "corgis"[0m
  [1m[36mToy Load (0.9ms)[0m  [1m[34mSELECT "toys".* FROM "toys"[0m
  [1m[35m (0.7ms)[0m  [1m[34mSELECT "schema_migrations"."version" FROM "schema_migrations" ORDER BY "schema_migrations"."version" ASC[0m
  [1m[35m (0.1ms)[0m  [1m[35mBEGIN[0m
  [1m[35mSQL (0.6ms)[0m  [1m[32mINSERT INTO "corgis" ("name", "created_at", "updated_at") VALUES ($1, $2, $3) RETURNING "id"[0m  [["name", "Russel"], ["created_at", "2018-09-17 04:37:17.934202"], ["updated_at", "2018-09-17 04:37:17.934202"]]
  [1m[35m (2.4ms)[0m  [1m[35mCOMMIT[0m
  [1m[35m (0.1ms)[0m  [1m[35mBEGIN[0m
  [1m[35mSQL (0.4ms)[0m  [1m[32mINSERT INTO "cats" ("name", "created_at", "updated_at") VALUES ($1, $2, $3) RETURNING "id"[0m  [["name", "Ronaldo"], ["created_at", "2018-09-17 04:37:17.946513"], ["updated_at", "2018-09-17 04:37:17.946513"]]
  [1m[35m (0.4ms)[0m  [1m[35mCOMMIT[0m
  [1m[35m (0.1ms)[0m  [1m[35mBEGIN[0m
  [1m[35mSQL (0.2ms)[0m  [1m[32mINSERT INTO "corgis" ("name", "created_at", "updated_at") VALUES ($1, $2, $3) RETURNING "id"[0m  [["name", "Ivory"], ["created_at", "2018-09-17 04:37:17.948456"], ["updated_at", "2018-09-17 04:37:17.948456"]]
  [1m[35m (0.3ms)[0m  [1m[35mCOMMIT[0m
  [1m[35m (0.2ms)[0m  [1m[35mBEGIN[0m
  [1m[35mSQL (0.2ms)[0m  [1m[32mINSERT INTO "cats" ("name", "created_at", "updated_at") VALUES ($1, $2, $3) RETURNING "id"[0m  [["name", "Greyson"], ["created_at", "2018-09-17 04:37:17.950020"], ["updated_at", "2018-09-17 04:37:17.950020"]]
  [1m[35m (0.3ms)[0m  [1m[35mCOMMIT[0m
  [1m[35m (0.1ms)[0m  [1m[35mBEGIN[0m
  [1m[35mSQL (0.2ms)[0m  [1m[32mINSERT INTO "corgis" ("name", "created_at", "updated_at") VALUES ($1, $2, $3) RETURNING "id"[0m  [["name", "Gavin"], ["created_at", "2018-09-17 04:37:17.951480"], ["updated_at", "2018-09-17 04:37:17.951480"]]
  [1m[35m (0.4ms)[0m  [1m[35mCOMMIT[0m
  [1m[35m (0.1ms)[0m  [1m[35mBEGIN[0m
  [1m[35mSQL (0.3ms)[0m  [1m[32mINSERT INTO "cats" ("name", "created_at", "updated_at") VALUES ($1, $2, $3) RETURNING "id"[0m  [["name", "Demario"], ["created_at", "2018-09-17 04:37:17.953066"], ["updated_at", "2018-09-17 04:37:17.953066"]]
  [1m[35m (0.5ms)[0m  [1m[35mCOMMIT[0m
  [1m[35m (0.1ms)[0m  [1m[35mBEGIN[0m
  [1m[35mSQL (0.2ms)[0m  [1m[32mINSERT INTO "corgis" ("name", "created_at", "updated_at") VALUES ($1, $2, $3) RETURNING "id"[0m  [["name", "Paolo"], ["created_at", "2018-09-17 04:37:17.954720"], ["updated_at", "2018-09-17 04:37:17.954720"]]
  [1m[35m (0.4ms)[0m  [1m[35mCOMMIT[0m
  [1m[35m (0.2ms)[0m  [1m[35mBEGIN[0m
  [1m[35mSQL (0.2ms)[0m  [1m[32mINSERT INTO "cats" ("name", "created_at", "updated_at") VALUES ($1, $2, $3) RETURNING "id"[0m  [["name", "Merlin"], ["created_at", "2018-09-17 04:37:17.956431"], ["updated_at", "2018-09-17 04:37:17.956431"]]
  [1m[35m (0.3ms)[0m  [1m[35mCOMMIT[0m
  [1m[35m (0.1ms)[0m  [1m[35mBEGIN[0m
  [1m[35mSQL (0.2ms)[0m  [1m[32mINSERT INTO "corgis" ("name", "created_at", "updated_at") VALUES ($1, $2, $3) RETURNING "id"[0m  [["name", "Adrien"], ["created_at", "2018-09-17 04:37:17.957819"], ["updated_at", "2018-09-17 04:37:17.957819"]]
  [1m[35m (0.3ms)[0m  [1m[35mCOMMIT[0m
  [1m[35m (0.1ms)[0m  [1m[35mBEGIN[0m
  [1m[35mSQL (0.2ms)[0m  [1m[32mINSERT INTO "cats" ("name", "created_at", "updated_at") VALUES ($1, $2, $3) RETURNING "id"[0m  [["name", "Sven"], ["created_at", "2018-09-17 04:37:17.959220"], ["updated_at", "2018-09-17 04:37:17.959220"]]
  [1m[35m (0.4ms)[0m  [1m[35mCOMMIT[0m
  [1m[35m (0.1ms)[0m  [1m[35mBEGIN[0m
  [1m[35mSQL (0.2ms)[0m  [1m[32mINSERT INTO "corgis" ("name", "created_at", "updated_at") VALUES ($1, $2, $3) RETURNING "id"[0m  [["name", "Retha"], ["created_at", "2018-09-17 04:37:17.960772"], ["updated_at", "2018-09-17 04:37:17.960772"]]
  [1m[35m (0.5ms)[0m  [1m[35mCOMMIT[0m
  [1m[35m (0.1ms)[0m  [1m[35mBEGIN[0m
  [1m[35mSQL (0.3ms)[0m  [1m[32mINSERT INTO "cats" ("name", "created_at", "updated_at") VALUES ($1, $2, $3) RETURNING "id"[0m  [["name", "Kaelyn"], ["created_at", "2018-09-17 04:37:17.962501"], ["updated_at", "2018-09-17 04:37:17.962501"]]
  [1m[35m (0.4ms)[0m  [1m[35mCOMMIT[0m
  [1m[35m (0.1ms)[0m  [1m[35mBEGIN[0m
  [1m[35mSQL (0.3ms)[0m  [1m[32mINSERT INTO "corgis" ("name", "created_at", "updated_at") VALUES ($1, $2, $3) RETURNING "id"[0m  [["name", "Vivianne"], ["created_at", "2018-09-17 04:37:17.964324"], ["updated_at", "2018-09-17 04:37:17.964324"]]
  [1m[35m (0.3ms)[0m  [1m[35mCOMMIT[0m
  [1m[35m (0.1ms)[0m  [1m[35mBEGIN[0m
  [1m[35mSQL (0.2ms)[0m  [1m[32mINSERT INTO "cats" ("name", "created_at", "updated_at") VALUES ($1, $2, $3) RETURNING "id"[0m  [["name", "Alena"], ["created_at", "2018-09-17 04:37:17.965956"], ["updated_at", "2018-09-17 04:37:17.965956"]]
  [1m[35m (0.4ms)[0m  [1m[35mCOMMIT[0m
  [1m[35m (0.1ms)[0m  [1m[35mBEGIN[0m
  [1m[35mSQL (0.2ms)[0m  [1m[32mINSERT INTO "corgis" ("name", "created_at", "updated_at") VALUES ($1, $2, $3) RETURNING "id"[0m  [["name", "Fleta"], ["created_at", "2018-09-17 04:37:17.967489"], ["updated_at", "2018-09-17 04:37:17.967489"]]
  [1m[35m (0.4ms)[0m  [1m[35mCOMMIT[0m
  [1m[35m (0.1ms)[0m  [1m[35mBEGIN[0m
  [1m[35mSQL (0.3ms)[0m  [1m[32mINSERT INTO "cats" ("name", "created_at", "updated_at") VALUES ($1, $2, $3) RETURNING "id"[0m  [["name", "Elinor"], ["created_at", "2018-09-17 04:37:17.969025"], ["updated_at", "2018-09-17 04:37:17.969025"]]
  [1m[35m (0.4ms)[0m  [1m[35mCOMMIT[0m
  [1m[35m (0.1ms)[0m  [1m[35mBEGIN[0m
  [1m[35mSQL (0.3ms)[0m  [1m[32mINSERT INTO "corgis" ("name", "created_at", "updated_at") VALUES ($1, $2, $3) RETURNING "id"[0m  [["name", "Marilie"], ["created_at", "2018-09-17 04:37:17.970895"], ["updated_at", "2018-09-17 04:37:17.970895"]]
  [1m[35m (0.4ms)[0m  [1m[35mCOMMIT[0m
  [1m[35m (0.1ms)[0m  [1m[35mBEGIN[0m
  [1m[35mSQL (0.2ms)[0m  [1m[32mINSERT INTO "cats" ("name", "created_at", "updated_at") VALUES ($1, $2, $3) RETURNING "id"[0m  [["name", "Brenden"], ["created_at", "2018-09-17 04:37:17.972488"], ["updated_at", "2018-09-17 04:37:17.972488"]]
  [1m[35m (0.4ms)[0m  [1m[35mCOMMIT[0m
  [1m[35m (0.1ms)[0m  [1m[35mBEGIN[0m
  [1m[35mSQL (0.2ms)[0m  [1m[32mINSERT INTO "corgis" ("name", "created_at", "updated_at") VALUES ($1, $2, $3) RETURNING "id"[0m  [["name", "Darby"], ["created_at", "2018-09-17 04:37:17.973967"], ["updated_at", "2018-09-17 04:37:17.973967"]]
  [1m[35m (0.3ms)[0m  [1m[35mCOMMIT[0m
  [1m[35m (0.1ms)[0m  [1m[35mBEGIN[0m
  [1m[35mSQL (0.2ms)[0m  [1m[32mINSERT INTO "cats" ("name", "created_at", "updated_at") VALUES ($1, $2, $3) RETURNING "id"[0m  [["name", "Elnora"], ["created_at", "2018-09-17 04:37:17.975348"], ["updated_at", "2018-09-17 04:37:17.975348"]]
  [1m[35m (0.4ms)[0m  [1m[35mCOMMIT[0m
  [1m[35m (0.1ms)[0m  [1m[35mBEGIN[0m
  [1m[36mCorgi Load (0.3ms)[0m  [1m[34mSELECT  "corgis".* FROM "corgis" WHERE "corgis"."id" = $1 LIMIT $2[0m  [["id", 6], ["LIMIT", 1]]
  [1m[36mToy Exists (0.7ms)[0m  [1m[34mSELECT  1 AS one FROM "toys" WHERE "toys"."name" = $1 AND "toys"."toyable_type" = 'Corgi' AND "toys"."toyable_id" = 6 LIMIT $2[0m  [["name", "Metallo XI"], ["LIMIT", 1]]
  [1m[35mSQL (0.4ms)[0m  [1m[32mINSERT INTO "toys" ("name", "toyable_type", "toyable_id", "created_at", "updated_at") VALUES ($1, $2, $3, $4, $5) RETURNING "id"[0m  [["name", "Metallo XI"], ["toyable_type", "Corgi"], ["toyable_id", 6], ["created_at", "2018-09-17 04:37:17.999118"], ["updated_at", "2018-09-17 04:37:17.999118"]]
  [1m[35m (0.4ms)[0m  [1m[35mCOMMIT[0m
  [1m[35m (0.1ms)[0m  [1m[35mBEGIN[0m
  [1m[36mCorgi Load (0.2ms)[0m  [1m[34mSELECT  "corgis".* FROM "corgis" WHERE "corgis"."id" = $1 LIMIT $2[0m  [["id", 4], ["LIMIT", 1]]
  [1m[36mToy Exists (0.3ms)[0m  [1m[34mSELECT  1 AS one FROM "toys" WHERE "toys"."name" = $1 AND "toys"."toyable_type" = 'Corgi' AND "toys"."toyable_id" = 4 LIMIT $2[0m  [["name", "Firelord Girl"], ["LIMIT", 1]]
  [1m[35mSQL (0.2ms)[0m  [1m[32mINSERT INTO "toys" ("name", "toyable_type", "toyable_id", "created_at", "updated_at") VALUES ($1, $2, $3, $4, $5) RETURNING "id"[0m  [["name", "Firelord Girl"], ["toyable_type", "Corgi"], ["toyable_id", 4], ["created_at", "2018-09-17 04:37:18.002603"], ["updated_at", "2018-09-17 04:37:18.002603"]]
  [1m[35m (0.4ms)[0m  [1m[35mCOMMIT[0m
  [1m[35m (0.1ms)[0m  [1m[35mBEGIN[0m
  [1m[36mCorgi Load (0.3ms)[0m  [1m[34mSELECT  "corgis".* FROM "corgis" WHERE "corgis"."id" = $1 LIMIT $2[0m  [["id", 5], ["LIMIT", 1]]
  [1m[36mToy Exists (0.4ms)[0m  [1m[34mSELECT  1 AS one FROM "toys" WHERE "toys"."name" = $1 AND "toys"."toyable_type" = 'Corgi' AND "toys"."toyable_id" = 5 LIMIT $2[0m  [["name", "Boomer"], ["LIMIT", 1]]
  [1m[35mSQL (0.3ms)[0m  [1m[32mINSERT INTO "toys" ("name", "toyable_type", "toyable_id", "created_at", "updated_at") VALUES ($1, $2, $3, $4, $5) RETURNING "id"[0m  [["name", "Boomer"], ["toyable_type", "Corgi"], ["toyable_id", 5], ["created_at", "2018-09-17 04:37:18.006387"], ["updated_at", "2018-09-17 04:37:18.006387"]]
  [1m[35m (0.4ms)[0m  [1m[35mCOMMIT[0m
  [1m[35m (0.1ms)[0m  [1m[35mBEGIN[0m
  [1m[36mCat Load (0.2ms)[0m  [1m[34mSELECT  "cats".* FROM "cats" WHERE "cats"."id" = $1 LIMIT $2[0m  [["id", 6], ["LIMIT", 1]]
  [1m[36mToy Exists (0.3ms)[0m  [1m[34mSELECT  1 AS one FROM "toys" WHERE "toys"."name" = $1 AND "toys"."toyable_type" = 'Cat' AND "toys"."toyable_id" = 6 LIMIT $2[0m  [["name", "Galactus II"], ["LIMIT", 1]]
  [1m[35mSQL (0.2ms)[0m  [1m[32mINSERT INTO "toys" ("name", "toyable_type", "toyable_id", "created_at", "updated_at") VALUES ($1, $2, $3, $4, $5) RETURNING "id"[0m  [["name", "Galactus II"], ["toyable_type", "Cat"], ["toyable_id", 6], ["created_at", "2018-09-17 04:37:18.010286"], ["updated_at", "2018-09-17 04:37:18.010286"]]
  [1m[35m (0.4ms)[0m  [1m[35mCOMMIT[0m
  [1m[35m (0.1ms)[0m  [1m[35mBEGIN[0m
  [1m[36mCat Load (0.2ms)[0m  [1m[34mSELECT  "cats".* FROM "cats" WHERE "cats"."id" = $1 LIMIT $2[0m  [["id", 6], ["LIMIT", 1]]
  [1m[36mToy Exists (0.3ms)[0m  [1m[34mSELECT  1 AS one FROM "toys" WHERE "toys"."name" = $1 AND "toys"."toyable_type" = 'Cat' AND "toys"."toyable_id" = 6 LIMIT $2[0m  [["name", "Illustrious Niki Sanders X"], ["LIMIT", 1]]
  [1m[35mSQL (0.2ms)[0m  [1m[32mINSERT INTO "toys" ("name", "toyable_type", "toyable_id", "created_at", "updated_at") VALUES ($1, $2, $3, $4, $5) RETURNING "id"[0m  [["name", "Illustrious Niki Sanders X"], ["toyable_type", "Cat"], ["toyable_id", 6], ["created_at", "2018-09-17 04:37:18.013271"], ["updated_at", "2018-09-17 04:37:18.013271"]]
  [1m[35m (0.3ms)[0m  [1m[35mCOMMIT[0m
  [1m[35m (0.1ms)[0m  [1m[35mBEGIN[0m
  [1m[36mCat Load (0.2ms)[0m  [1m[34mSELECT  "cats".* FROM "cats" WHERE "cats"."id" = $1 LIMIT $2[0m  [["id", 5], ["LIMIT", 1]]
  [1m[36mToy Exists (0.3ms)[0m  [1m[34mSELECT  1 AS one FROM "toys" WHERE "toys"."name" = $1 AND "toys"."toyable_type" = 'Cat' AND "toys"."toyable_id" = 5 LIMIT $2[0m  [["name", "Captain Hope Summers"], ["LIMIT", 1]]
  [1m[35mSQL (0.3ms)[0m  [1m[32mINSERT INTO "toys" ("name", "toyable_type", "toyable_id", "created_at", "updated_at") VALUES ($1, $2, $3, $4, $5) RETURNING "id"[0m  [["name", "Captain Hope Summers"], ["toyable_type", "Cat"], ["toyable_id", 5], ["created_at", "2018-09-17 04:37:18.016565"], ["updated_at", "2018-09-17 04:37:18.016565"]]
  [1m[35m (0.5ms)[0m  [1m[35mCOMMIT[0m
  [1m[35m (0.1ms)[0m  [1m[35mBEGIN[0m
  [1m[36mCorgi Load (0.3ms)[0m  [1m[34mSELECT  "corgis".* FROM "corgis" WHERE "corgis"."id" = $1 LIMIT $2[0m  [["id", 8], ["LIMIT", 1]]
  [1m[36mToy Exists (0.4ms)[0m  [1m[34mSELECT  1 AS one FROM "toys" WHERE "toys"."name" = $1 AND "toys"."toyable_type" = 'Corgi' AND "toys"."toyable_id" = 8 LIMIT $2[0m  [["name", "Cyborg Warpath Spirit"], ["LIMIT", 1]]
  [1m[35mSQL (0.4ms)[0m  [1m[32mINSERT INTO "toys" ("name", "toyable_type", "toyable_id", "created_at", "updated_at") VALUES ($1, $2, $3, $4, $5) RETURNING "id"[0m  [["name", "Cyborg Warpath Spirit"], ["toyable_type", "Corgi"], ["toyable_id", 8], ["created_at", "2018-09-17 04:37:18.020384"], ["updated_at", "2018-09-17 04:37:18.020384"]]
  [1m[35m (0.4ms)[0m  [1m[35mCOMMIT[0m
  [1m[35m (0.1ms)[0m  [1m[35mBEGIN[0m
  [1m[36mCat Load (0.2ms)[0m  [1m[34mSELECT  "cats".* FROM "cats" WHERE "cats"."id" = $1 LIMIT $2[0m  [["id", 2], ["LIMIT", 1]]
  [1m[36mToy Exists (0.3ms)[0m  [1m[34mSELECT  1 AS one FROM "toys" WHERE "toys"."name" = $1 AND "toys"."toyable_type" = 'Cat' AND "toys"."toyable_id" = 2 LIMIT $2[0m  [["name", "Venom XI"], ["LIMIT", 1]]
  [1m[35mSQL (0.2ms)[0m  [1m[32mINSERT INTO "toys" ("name", "toyable_type", "toyable_id", "created_at", "updated_at") VALUES ($1, $2, $3, $4, $5) RETURNING "id"[0m  [["name", "Venom XI"], ["toyable_type", "Cat"], ["toyable_id", 2], ["created_at", "2018-09-17 04:37:18.024082"], ["updated_at", "2018-09-17 04:37:18.024082"]]
  [1m[35m (0.4ms)[0m  [1m[35mCOMMIT[0m
  [1m[35m (0.1ms)[0m  [1m[35mBEGIN[0m
  [1m[36mCat Load (0.2ms)[0m  [1m[34mSELECT  "cats".* FROM "cats" WHERE "cats"."id" = $1 LIMIT $2[0m  [["id", 6], ["LIMIT", 1]]
  [1m[36mToy Exists (0.3ms)[0m  [1m[34mSELECT  1 AS one FROM "toys" WHERE "toys"."name" = $1 AND "toys"."toyable_type" = 'Cat' AND "toys"."toyable_id" = 6 LIMIT $2[0m  [["name", "Ultra Gorilla Grodd"], ["LIMIT", 1]]
  [1m[35mSQL (0.3ms)[0m  [1m[32mINSERT INTO "toys" ("name", "toyable_type", "toyable_id", "created_at", "updated_at") VALUES ($1, $2, $3, $4, $5) RETURNING "id"[0m  [["name", "Ultra Gorilla Grodd"], ["toyable_type", "Cat"], ["toyable_id", 6], ["created_at", "2018-09-17 04:37:18.027229"], ["updated_at", "2018-09-17 04:37:18.027229"]]
  [1m[35m (0.4ms)[0m  [1m[35mCOMMIT[0m
  [1m[35m (0.1ms)[0m  [1m[35mBEGIN[0m
  [1m[36mCorgi Load (0.2ms)[0m  [1m[34mSELECT  "corgis".* FROM "corgis" WHERE "corgis"."id" = $1 LIMIT $2[0m  [["id", 2], ["LIMIT", 1]]
  [1m[36mToy Exists (0.3ms)[0m  [1m[34mSELECT  1 AS one FROM "toys" WHERE "toys"."name" = $1 AND "toys"."toyable_type" = 'Corgi' AND "toys"."toyable_id" = 2 LIMIT $2[0m  [["name", "Green Thanos"], ["LIMIT", 1]]
  [1m[35mSQL (0.2ms)[0m  [1m[32mINSERT INTO "toys" ("name", "toyable_type", "toyable_id", "created_at", "updated_at") VALUES ($1, $2, $3, $4, $5) RETURNING "id"[0m  [["name", "Green Thanos"], ["toyable_type", "Corgi"], ["toyable_id", 2], ["created_at", "2018-09-17 04:37:18.030455"], ["updated_at", "2018-09-17 04:37:18.030455"]]
  [1m[35m (0.4ms)[0m  [1m[35mCOMMIT[0m
  [1m[35m (0.1ms)[0m  [1m[35mBEGIN[0m
  [1m[36mCorgi Load (0.2ms)[0m  [1m[34mSELECT  "corgis".* FROM "corgis" WHERE "corgis"."id" = $1 LIMIT $2[0m  [["id", 6], ["LIMIT", 1]]
  [1m[36mToy Exists (0.3ms)[0m  [1m[34mSELECT  1 AS one FROM "toys" WHERE "toys"."name" = $1 AND "toys"."toyable_type" = 'Corgi' AND "toys"."toyable_id" = 6 LIMIT $2[0m  [["name", "Doctor Metamorpho"], ["LIMIT", 1]]
  [1m[35mSQL (0.2ms)[0m  [1m[32mINSERT INTO "toys" ("name", "toyable_type", "toyable_id", "created_at", "updated_at") VALUES ($1, $2, $3, $4, $5) RETURNING "id"[0m  [["name", "Doctor Metamorpho"], ["toyable_type", "Corgi"], ["toyable_id", 6], ["created_at", "2018-09-17 04:37:18.033347"], ["updated_at", "2018-09-17 04:37:18.033347"]]
  [1m[35m (0.4ms)[0m  [1m[35mCOMMIT[0m
  [1m[35m (0.1ms)[0m  [1m[35mBEGIN[0m
  [1m[36mCorgi Load (0.1ms)[0m  [1m[34mSELECT  "corgis".* FROM "corgis" WHERE "corgis"."id" = $1 LIMIT $2[0m  [["id", 9], ["LIMIT", 1]]
  [1m[36mToy Exists (0.3ms)[0m  [1m[34mSELECT  1 AS one FROM "toys" WHERE "toys"."name" = $1 AND "toys"."toyable_type" = 'Corgi' AND "toys"."toyable_id" = 9 LIMIT $2[0m  [["name", "Leech"], ["LIMIT", 1]]
  [1m[35mSQL (0.3ms)[0m  [1m[32mINSERT INTO "toys" ("name", "toyable_type", "toyable_id", "created_at", "updated_at") VALUES ($1, $2, $3, $4, $5) RETURNING "id"[0m  [["name", "Leech"], ["toyable_type", "Corgi"], ["toyable_id", 9], ["created_at", "2018-09-17 04:37:18.036193"], ["updated_at", "2018-09-17 04:37:18.036193"]]
  [1m[35m (0.3ms)[0m  [1m[35mCOMMIT[0m
  [1m[35m (0.1ms)[0m  [1m[35mBEGIN[0m
  [1m[36mCorgi Load (0.1ms)[0m  [1m[34mSELECT  "corgis".* FROM "corgis" WHERE "corgis"."id" = $1 LIMIT $2[0m  [["id", 8], ["LIMIT", 1]]
  [1m[36mToy Exists (0.3ms)[0m  [1m[34mSELECT  1 AS one FROM "toys" WHERE "toys"."name" = $1 AND "toys"."toyable_type" = 'Corgi' AND "toys"."toyable_id" = 8 LIMIT $2[0m  [["name", "Gorilla Grodd"], ["LIMIT", 1]]
  [1m[35mSQL (0.2ms)[0m  [1m[32mINSERT INTO "toys" ("name", "toyable_type", "toyable_id", "created_at", "updated_at") VALUES ($1, $2, $3, $4, $5) RETURNING "id"[0m  [["name", "Gorilla Grodd"], ["toyable_type", "Corgi"], ["toyable_id", 8], ["created_at", "2018-09-17 04:37:18.039099"], ["updated_at", "2018-09-17 04:37:18.039099"]]
  [1m[35m (0.4ms)[0m  [1m[35mCOMMIT[0m
  [1m[35m (0.1ms)[0m  [1m[35mBEGIN[0m
  [1m[36mCorgi Load (0.2ms)[0m  [1m[34mSELECT  "corgis".* FROM "corgis" WHERE "corgis"."id" = $1 LIMIT $2[0m  [["id", 1], ["LIMIT", 1]]
  [1m[36mToy Exists (0.3ms)[0m  [1m[34mSELECT  1 AS one FROM "toys" WHERE "toys"."name" = $1 AND "toys"."toyable_type" = 'Corgi' AND "toys"."toyable_id" = 1 LIMIT $2[0m  [["name", "Warlock Skull"], ["LIMIT", 1]]
  [1m[35mSQL (0.3ms)[0m  [1m[32mINSERT INTO "toys" ("name", "toyable_type", "toyable_id", "created_at", "updated_at") VALUES ($1, $2, $3, $4, $5) RETURNING "id"[0m  [["name", "Warlock Skull"], ["toyable_type", "Corgi"], ["toyable_id", 1], ["created_at", "2018-09-17 04:37:18.042497"], ["updated_at", "2018-09-17 04:37:18.042497"]]
  [1m[35m (0.4ms)[0m  [1m[35mCOMMIT[0m
  [1m[35m (0.1ms)[0m  [1m[35mBEGIN[0m
  [1m[36mCat Load (0.3ms)[0m  [1m[34mSELECT  "cats".* FROM "cats" WHERE "cats"."id" = $1 LIMIT $2[0m  [["id", 6], ["LIMIT", 1]]
  [1m[36mToy Exists (0.3ms)[0m  [1m[34mSELECT  1 AS one FROM "toys" WHERE "toys"."name" = $1 AND "toys"."toyable_type" = 'Cat' AND "toys"."toyable_id" = 6 LIMIT $2[0m  [["name", "Cyborg Cogliostro Strange"], ["LIMIT", 1]]
  [1m[35mSQL (0.3ms)[0m  [1m[32mINSERT INTO "toys" ("name", "toyable_type", "toyable_id", "created_at", "updated_at") VALUES ($1, $2, $3, $4, $5) RETURNING "id"[0m  [["name", "Cyborg Cogliostro Strange"], ["toyable_type", "Cat"], ["toyable_id", 6], ["created_at", "2018-09-17 04:37:18.046409"], ["updated_at", "2018-09-17 04:37:18.046409"]]
  [1m[35m (0.4ms)[0m  [1m[35mCOMMIT[0m
  [1m[35m (0.1ms)[0m  [1m[35mBEGIN[0m
  [1m[36mCorgi Load (0.2ms)[0m  [1m[34mSELECT  "corgis".* FROM "corgis" WHERE "corgis"."id" = $1 LIMIT $2[0m  [["id", 11], ["LIMIT", 1]]
  [1m[36mToy Exists (0.3ms)[0m  [1m[34mSELECT  1 AS one FROM "toys" WHERE "toys"."name" = $1 AND "toys"."toyable_type" = 'Corgi' AND "toys"."toyable_id" = 11 LIMIT $2[0m  [["name", "General Blade Ivy"], ["LIMIT", 1]]
  [1m[35mSQL (0.3ms)[0m  [1m[32mINSERT INTO "toys" ("name", "toyable_type", "toyable_id", "created_at", "updated_at") VALUES ($1, $2, $3, $4, $5) RETURNING "id"[0m  [["name", "General Blade Ivy"], ["toyable_type", "Corgi"], ["toyable_id", 11], ["created_at", "2018-09-17 04:37:18.050046"], ["updated_at", "2018-09-17 04:37:18.050046"]]
  [1m[35m (0.4ms)[0m  [1m[35mCOMMIT[0m
  [1m[35m (0.1ms)[0m  [1m[35mBEGIN[0m
  [1m[36mCat Load (0.2ms)[0m  [1m[34mSELECT  "cats".* FROM "cats" WHERE "cats"."id" = $1 LIMIT $2[0m  [["id", 11], ["LIMIT", 1]]
  [1m[36mToy Exists (0.4ms)[0m  [1m[34mSELECT  1 AS one FROM "toys" WHERE "toys"."name" = $1 AND "toys"."toyable_type" = 'Cat' AND "toys"."toyable_id" = 11 LIMIT $2[0m  [["name", "Mr Havok Fist"], ["LIMIT", 1]]
  [1m[35mSQL (0.3ms)[0m  [1m[32mINSERT INTO "toys" ("name", "toyable_type", "toyable_id", "created_at", "updated_at") VALUES ($1, $2, $3, $4, $5) RETURNING "id"[0m  [["name", "Mr Havok Fist"], ["toyable_type", "Cat"], ["toyable_id", 11], ["created_at", "2018-09-17 04:37:18.053889"], ["updated_at", "2018-09-17 04:37:18.053889"]]
  [1m[35m (0.4ms)[0m  [1m[35mCOMMIT[0m
  [1m[35m (0.1ms)[0m  [1m[35mBEGIN[0m
  [1m[36mCorgi Load (0.1ms)[0m  [1m[34mSELECT  "corgis".* FROM "corgis" WHERE "corgis"."id" = $1 LIMIT $2[0m  [["id", 5], ["LIMIT", 1]]
  [1m[36mToy Exists (0.3ms)[0m  [1m[34mSELECT  1 AS one FROM "toys" WHERE "toys"."name" = $1 AND "toys"."toyable_type" = 'Corgi' AND "toys"."toyable_id" = 5 LIMIT $2[0m  [["name", "Phantom"], ["LIMIT", 1]]
  [1m[35mSQL (0.6ms)[0m  [1m[32mINSERT INTO "toys" ("name", "toyable_type", "toyable_id", "created_at", "updated_at") VALUES ($1, $2, $3, $4, $5) RETURNING "id"[0m  [["name", "Phantom"], ["toyable_type", "Corgi"], ["toyable_id", 5], ["created_at", "2018-09-17 04:37:18.057257"], ["updated_at", "2018-09-17 04:37:18.057257"]]
  [1m[35m (0.5ms)[0m  [1m[35mCOMMIT[0m
  [1m[35m (0.1ms)[0m  [1m[35mBEGIN[0m
  [1m[36mCorgi Load (0.2ms)[0m  [1m[34mSELECT  "corgis".* FROM "corgis" WHERE "corgis"."id" = $1 LIMIT $2[0m  [["id", 11], ["LIMIT", 1]]
  [1m[36mToy Exists (0.4ms)[0m  [1m[34mSELECT  1 AS one FROM "toys" WHERE "toys"."name" = $1 AND "toys"."toyable_type" = 'Corgi' AND "toys"."toyable_id" = 11 LIMIT $2[0m  [["name", "Bishop"], ["LIMIT", 1]]
  [1m[35mSQL (0.3ms)[0m  [1m[32mINSERT INTO "toys" ("name", "toyable_type", "toyable_id", "created_at", "updated_at") VALUES ($1, $2, $3, $4, $5) RETURNING "id"[0m  [["name", "Bishop"], ["toyable_type", "Corgi"], ["toyable_id", 11], ["created_at", "2018-09-17 04:37:18.061398"], ["updated_at", "2018-09-17 04:37:18.061398"]]
  [1m[35m (0.5ms)[0m  [1m[35mCOMMIT[0m
  [1m[35m (0.1ms)[0m  [1m[35mBEGIN[0m
  [1m[36mCat Load (0.2ms)[0m  [1m[34mSELECT  "cats".* FROM "cats" WHERE "cats"."id" = $1 LIMIT $2[0m  [["id", 6], ["LIMIT", 1]]
  [1m[36mToy Exists (0.4ms)[0m  [1m[34mSELECT  1 AS one FROM "toys" WHERE "toys"."name" = $1 AND "toys"."toyable_type" = 'Cat' AND "toys"."toyable_id" = 6 LIMIT $2[0m  [["name", "Magnificent Niki Sanders the Hunter"], ["LIMIT", 1]]
  [1m[35mSQL (0.3ms)[0m  [1m[32mINSERT INTO "toys" ("name", "toyable_type", "toyable_id", "created_at", "updated_at") VALUES ($1, $2, $3, $4, $5) RETURNING "id"[0m  [["name", "Magnificent Niki Sanders the Hunter"], ["toyable_type", "Cat"], ["toyable_id", 6], ["created_at", "2018-09-17 04:37:18.065195"], ["updated_at", "2018-09-17 04:37:18.065195"]]
  [1m[35m (0.4ms)[0m  [1m[35mCOMMIT[0m
  [1m[35m (0.1ms)[0m  [1m[35mBEGIN[0m
  [1m[36mCat Load (0.2ms)[0m  [1m[34mSELECT  "cats".* FROM "cats" WHERE "cats"."id" = $1 LIMIT $2[0m  [["id", 6], ["LIMIT", 1]]
  [1m[36mToy Exists (0.3ms)[0m  [1m[34mSELECT  1 AS one FROM "toys" WHERE "toys"."name" = $1 AND "toys"."toyable_type" = 'Cat' AND "toys"."toyable_id" = 6 LIMIT $2[0m  [["name", "Magus Strange"], ["LIMIT", 1]]
  [1m[35mSQL (0.2ms)[0m  [1m[32mINSERT INTO "toys" ("name", "toyable_type", "toyable_id", "created_at", "updated_at") VALUES ($1, $2, $3, $4, $5) RETURNING "id"[0m  [["name", "Magus Strange"], ["toyable_type", "Cat"], ["toyable_id", 6], ["created_at", "2018-09-17 04:37:18.068530"], ["updated_at", "2018-09-17 04:37:18.068530"]]
  [1m[35m (0.4ms)[0m  [1m[35mCOMMIT[0m
  [1m[35m (0.1ms)[0m  [1m[35mBEGIN[0m
  [1m[36mCorgi Load (0.1ms)[0m  [1m[34mSELECT  "corgis".* FROM "corgis" WHERE "corgis"."id" = $1 LIMIT $2[0m  [["id", 9], ["LIMIT", 1]]
  [1m[36mToy Exists (0.3ms)[0m  [1m[34mSELECT  1 AS one FROM "toys" WHERE "toys"."name" = $1 AND "toys"."toyable_type" = 'Corgi' AND "toys"."toyable_id" = 9 LIMIT $2[0m  [["name", "Agent Deathstroke"], ["LIMIT", 1]]
  [1m[35mSQL (0.3ms)[0m  [1m[32mINSERT INTO "toys" ("name", "toyable_type", "toyable_id", "created_at", "updated_at") VALUES ($1, $2, $3, $4, $5) RETURNING "id"[0m  [["name", "Agent Deathstroke"], ["toyable_type", "Corgi"], ["toyable_id", 9], ["created_at", "2018-09-17 04:37:18.071568"], ["updated_at", "2018-09-17 04:37:18.071568"]]
  [1m[35m (0.4ms)[0m  [1m[35mCOMMIT[0m
  [1m[35m (0.1ms)[0m  [1m[35mBEGIN[0m
  [1m[36mCorgi Load (0.2ms)[0m  [1m[34mSELECT  "corgis".* FROM "corgis" WHERE "corgis"."id" = $1 LIMIT $2[0m  [["id", 5], ["LIMIT", 1]]
  [1m[36mToy Exists (0.3ms)[0m  [1m[34mSELECT  1 AS one FROM "toys" WHERE "toys"."name" = $1 AND "toys"."toyable_type" = 'Corgi' AND "toys"."toyable_id" = 5 LIMIT $2[0m  [["name", "Agent Gardner"], ["LIMIT", 1]]
  [1m[35mSQL (0.3ms)[0m  [1m[32mINSERT INTO "toys" ("name", "toyable_type", "toyable_id", "created_at", "updated_at") VALUES ($1, $2, $3, $4, $5) RETURNING "id"[0m  [["name", "Agent Gardner"], ["toyable_type", "Corgi"], ["toyable_id", 5], ["created_at", "2018-09-17 04:37:18.074761"], ["updated_at", "2018-09-17 04:37:18.074761"]]
  [1m[35m (0.4ms)[0m  [1m[35mCOMMIT[0m
  [1m[35m (0.1ms)[0m  [1m[35mBEGIN[0m
  [1m[36mCat Load (0.1ms)[0m  [1m[34mSELECT  "cats".* FROM "cats" WHERE "cats"."id" = $1 LIMIT $2[0m  [["id", 8], ["LIMIT", 1]]
  [1m[36mToy Exists (0.3ms)[0m  [1m[34mSELECT  1 AS one FROM "toys" WHERE "toys"."name" = $1 AND "toys"."toyable_type" = 'Cat' AND "toys"."toyable_id" = 8 LIMIT $2[0m  [["name", "Ultra Kool-Aid Man"], ["LIMIT", 1]]
  [1m[35mSQL (0.2ms)[0m  [1m[32mINSERT INTO "toys" ("name", "toyable_type", "toyable_id", "created_at", "updated_at") VALUES ($1, $2, $3, $4, $5) RETURNING "id"[0m  [["name", "Ultra Kool-Aid Man"], ["toyable_type", "Cat"], ["toyable_id", 8], ["created_at", "2018-09-17 04:37:18.078066"], ["updated_at", "2018-09-17 04:37:18.078066"]]
  [1m[35m (0.4ms)[0m  [1m[35mCOMMIT[0m
  [1m[35m (0.1ms)[0m  [1m[35mBEGIN[0m
  [1m[36mCorgi Load (0.1ms)[0m  [1m[34mSELECT  "corgis".* FROM "corgis" WHERE "corgis"."id" = $1 LIMIT $2[0m  [["id", 1], ["LIMIT", 1]]
  [1m[36mToy Exists (0.3ms)[0m  [1m[34mSELECT  1 AS one FROM "toys" WHERE "toys"."name" = $1 AND "toys"."toyable_type" = 'Corgi' AND "toys"."toyable_id" = 1 LIMIT $2[0m  [["name", "Ajax"], ["LIMIT", 1]]
  [1m[35mSQL (0.3ms)[0m  [1m[32mINSERT INTO "toys" ("name", "toyable_type", "toyable_id", "created_at", "updated_at") VALUES ($1, $2, $3, $4, $5) RETURNING "id"[0m  [["name", "Ajax"], ["toyable_type", "Corgi"], ["toyable_id", 1], ["created_at", "2018-09-17 04:37:18.081097"], ["updated_at", "2018-09-17 04:37:18.081097"]]
  [1m[35m (0.4ms)[0m  [1m[35mCOMMIT[0m
  [1m[35m (0.1ms)[0m  [1m[35mBEGIN[0m
  [1m[36mCat Load (0.1ms)[0m  [1m[34mSELECT  "cats".* FROM "cats" WHERE "cats"."id" = $1 LIMIT $2[0m  [["id", 2], ["LIMIT", 1]]
  [1m[36mToy Exists (0.3ms)[0m  [1m[34mSELECT  1 AS one FROM "toys" WHERE "toys"."name" = $1 AND "toys"."toyable_type" = 'Cat' AND "toys"."toyable_id" = 2 LIMIT $2[0m  [["name", "Red Magog Woman"], ["LIMIT", 1]]
  [1m[35mSQL (0.2ms)[0m  [1m[32mINSERT INTO "toys" ("name", "toyable_type", "toyable_id", "created_at", "updated_at") VALUES ($1, $2, $3, $4, $5) RETURNING "id"[0m  [["name", "Red Magog Woman"], ["toyable_type", "Cat"], ["toyable_id", 2], ["created_at", "2018-09-17 04:37:18.084124"], ["updated_at", "2018-09-17 04:37:18.084124"]]
  [1m[35m (0.4ms)[0m  [1m[35mCOMMIT[0m
  [1m[35m (0.1ms)[0m  [1m[35mBEGIN[0m
  [1m[36mCorgi Load (0.2ms)[0m  [1m[34mSELECT  "corgis".* FROM "corgis" WHERE "corgis"."id" = $1 LIMIT $2[0m  [["id", 7], ["LIMIT", 1]]
  [1m[36mToy Exists (0.3ms)[0m  [1m[34mSELECT  1 AS one FROM "toys" WHERE "toys"."name" = $1 AND "toys"."toyable_type" = 'Corgi' AND "toys"."toyable_id" = 7 LIMIT $2[0m  [["name", "Doctor Husk IX"], ["LIMIT", 1]]
  [1m[35mSQL (0.3ms)[0m  [1m[32mINSERT INTO "toys" ("name", "toyable_type", "toyable_id", "created_at", "updated_at") VALUES ($1, $2, $3, $4, $5) RETURNING "id"[0m  [["name", "Doctor Husk IX"], ["toyable_type", "Corgi"], ["toyable_id", 7], ["created_at", "2018-09-17 04:37:18.088014"], ["updated_at", "2018-09-17 04:37:18.088014"]]
  [1m[35m (0.4ms)[0m  [1m[35mCOMMIT[0m
  [1m[35m (0.1ms)[0m  [1m[35mBEGIN[0m
  [1m[36mCat Load (0.1ms)[0m  [1m[34mSELECT  "cats".* FROM "cats" WHERE "cats"."id" = $1 LIMIT $2[0m  [["id", 5], ["LIMIT", 1]]
  [1m[36mToy Exists (0.3ms)[0m  [1m[34mSELECT  1 AS one FROM "toys" WHERE "toys"."name" = $1 AND "toys"."toyable_type" = 'Cat' AND "toys"."toyable_id" = 5 LIMIT $2[0m  [["name", "Curse the Hunter"], ["LIMIT", 1]]
  [1m[35mSQL (0.2ms)[0m  [1m[32mINSERT INTO "toys" ("name", "toyable_type", "toyable_id", "created_at", "updated_at") VALUES ($1, $2, $3, $4, $5) RETURNING "id"[0m  [["name", "Curse the Hunter"], ["toyable_type", "Cat"], ["toyable_id", 5], ["created_at", "2018-09-17 04:37:18.091186"], ["updated_at", "2018-09-17 04:37:18.091186"]]
  [1m[35m (0.4ms)[0m  [1m[35mCOMMIT[0m
  [1m[35m (0.1ms)[0m  [1m[35mBEGIN[0m
  [1m[36mCorgi Load (0.1ms)[0m  [1m[34mSELECT  "corgis".* FROM "corgis" WHERE "corgis"."id" = $1 LIMIT $2[0m  [["id", 11], ["LIMIT", 1]]
  [1m[36mToy Exists (0.3ms)[0m  [1m[34mSELECT  1 AS one FROM "toys" WHERE "toys"."name" = $1 AND "toys"."toyable_type" = 'Corgi' AND "toys"."toyable_id" = 11 LIMIT $2[0m  [["name", "Cyborg Curse Knight"], ["LIMIT", 1]]
  [1m[35mSQL (0.2ms)[0m  [1m[32mINSERT INTO "toys" ("name", "toyable_type", "toyable_id", "created_at", "updated_at") VALUES ($1, $2, $3, $4, $5) RETURNING "id"[0m  [["name", "Cyborg Curse Knight"], ["toyable_type", "Corgi"], ["toyable_id", 11], ["created_at", "2018-09-17 04:37:18.094166"], ["updated_at", "2018-09-17 04:37:18.094166"]]
  [1m[35m (0.4ms)[0m  [1m[35mCOMMIT[0m
  [1m[35m (0.1ms)[0m  [1m[35mBEGIN[0m
  [1m[36mCorgi Load (0.2ms)[0m  [1m[34mSELECT  "corgis".* FROM "corgis" WHERE "corgis"."id" = $1 LIMIT $2[0m  [["id", 1], ["LIMIT", 1]]
  [1m[36mToy Exists (0.3ms)[0m  [1m[34mSELECT  1 AS one FROM "toys" WHERE "toys"."name" = $1 AND "toys"."toyable_type" = 'Corgi' AND "toys"."toyable_id" = 1 LIMIT $2[0m  [["name", "Magnificent Speedball"], ["LIMIT", 1]]
  [1m[35mSQL (0.3ms)[0m  [1m[32mINSERT INTO "toys" ("name", "toyable_type", "toyable_id", "created_at", "updated_at") VALUES ($1, $2, $3, $4, $5) RETURNING "id"[0m  [["name", "Magnificent Speedball"], ["toyable_type", "Corgi"], ["toyable_id", 1], ["created_at", "2018-09-17 04:37:18.097855"], ["updated_at", "2018-09-17 04:37:18.097855"]]
  [1m[35m (0.3ms)[0m  [1m[35mCOMMIT[0m
  [1m[35m (0.1ms)[0m  [1m[35mBEGIN[0m
  [1m[36mCat Load (0.1ms)[0m  [1m[34mSELECT  "cats".* FROM "cats" WHERE "cats"."id" = $1 LIMIT $2[0m  [["id", 11], ["LIMIT", 1]]
  [1m[36mToy Exists (0.3ms)[0m  [1m[34mSELECT  1 AS one FROM "toys" WHERE "toys"."name" = $1 AND "toys"."toyable_type" = 'Cat' AND "toys"."toyable_id" = 11 LIMIT $2[0m  [["name", "Mystique XI"], ["LIMIT", 1]]
  [1m[35mSQL (0.2ms)[0m  [1m[32mINSERT INTO "toys" ("name", "toyable_type", "toyable_id", "created_at", "updated_at") VALUES ($1, $2, $3, $4, $5) RETURNING "id"[0m  [["name", "Mystique XI"], ["toyable_type", "Cat"], ["toyable_id", 11], ["created_at", "2018-09-17 04:37:18.100859"], ["updated_at", "2018-09-17 04:37:18.100859"]]
  [1m[35m (0.4ms)[0m  [1m[35mCOMMIT[0m
  [1m[35m (0.1ms)[0m  [1m[35mBEGIN[0m
  [1m[36mCat Load (0.1ms)[0m  [1m[34mSELECT  "cats".* FROM "cats" WHERE "cats"."id" = $1 LIMIT $2[0m  [["id", 2], ["LIMIT", 1]]
  [1m[36mToy Exists (0.3ms)[0m  [1m[34mSELECT  1 AS one FROM "toys" WHERE "toys"."name" = $1 AND "toys"."toyable_type" = 'Cat' AND "toys"."toyable_id" = 2 LIMIT $2[0m  [["name", "Gorilla Grodd Machine"], ["LIMIT", 1]]
  [1m[35mSQL (0.2ms)[0m  [1m[32mINSERT INTO "toys" ("name", "toyable_type", "toyable_id", "created_at", "updated_at") VALUES ($1, $2, $3, $4, $5) RETURNING "id"[0m  [["name", "Gorilla Grodd Machine"], ["toyable_type", "Cat"], ["toyable_id", 2], ["created_at", "2018-09-17 04:37:18.103820"], ["updated_at", "2018-09-17 04:37:18.103820"]]
  [1m[35m (0.3ms)[0m  [1m[35mCOMMIT[0m
  [1m[35m (0.1ms)[0m  [1m[35mBEGIN[0m
  [1m[36mCorgi Load (0.1ms)[0m  [1m[34mSELECT  "corgis".* FROM "corgis" WHERE "corgis"."id" = $1 LIMIT $2[0m  [["id", 3], ["LIMIT", 1]]
  [1m[36mToy Exists (0.3ms)[0m  [1m[34mSELECT  1 AS one FROM "toys" WHERE "toys"."name" = $1 AND "toys"."toyable_type" = 'Corgi' AND "toys"."toyable_id" = 3 LIMIT $2[0m  [["name", "Morph Brain"], ["LIMIT", 1]]
  [1m[35mSQL (0.3ms)[0m  [1m[32mINSERT INTO "toys" ("name", "toyable_type", "toyable_id", "created_at", "updated_at") VALUES ($1, $2, $3, $4, $5) RETURNING "id"[0m  [["name", "Morph Brain"], ["toyable_type", "Corgi"], ["toyable_id", 3], ["created_at", "2018-09-17 04:37:18.106672"], ["updated_at", "2018-09-17 04:37:18.106672"]]
  [1m[35m (0.4ms)[0m  [1m[35mCOMMIT[0m
  [1m[35m (0.1ms)[0m  [1m[35mBEGIN[0m
  [1m[36mCat Load (0.2ms)[0m  [1m[34mSELECT  "cats".* FROM "cats" WHERE "cats"."id" = $1 LIMIT $2[0m  [["id", 10], ["LIMIT", 1]]
  [1m[36mToy Exists (0.3ms)[0m  [1m[34mSELECT  1 AS one FROM "toys" WHERE "toys"."name" = $1 AND "toys"."toyable_type" = 'Cat' AND "toys"."toyable_id" = 10 LIMIT $2[0m  [["name", "Watcher"], ["LIMIT", 1]]
  [1m[35mSQL (0.2ms)[0m  [1m[32mINSERT INTO "toys" ("name", "toyable_type", "toyable_id", "created_at", "updated_at") VALUES ($1, $2, $3, $4, $5) RETURNING "id"[0m  [["name", "Watcher"], ["toyable_type", "Cat"], ["toyable_id", 10], ["created_at", "2018-09-17 04:37:18.109737"], ["updated_at", "2018-09-17 04:37:18.109737"]]
  [1m[35m (0.4ms)[0m  [1m[35mCOMMIT[0m
  [1m[35m (0.1ms)[0m  [1m[35mBEGIN[0m
  [1m[36mCorgi Load (0.1ms)[0m  [1m[34mSELECT  "corgis".* FROM "corgis" WHERE "corgis"."id" = $1 LIMIT $2[0m  [["id", 3], ["LIMIT", 1]]
  [1m[36mToy Exists (0.3ms)[0m  [1m[34mSELECT  1 AS one FROM "toys" WHERE "toys"."name" = $1 AND "toys"."toyable_type" = 'Corgi' AND "toys"."toyable_id" = 3 LIMIT $2[0m  [["name", "Magnificent Hollow"], ["LIMIT", 1]]
  [1m[35mSQL (0.2ms)[0m  [1m[32mINSERT INTO "toys" ("name", "toyable_type", "toyable_id", "created_at", "updated_at") VALUES ($1, $2, $3, $4, $5) RETURNING "id"[0m  [["name", "Magnificent Hollow"], ["toyable_type", "Corgi"], ["toyable_id", 3], ["created_at", "2018-09-17 04:37:18.112709"], ["updated_at", "2018-09-17 04:37:18.112709"]]
  [1m[35m (0.4ms)[0m  [1m[35mCOMMIT[0m
  [1m[35m (0.1ms)[0m  [1m[35mBEGIN[0m
  [1m[36mCat Load (0.1ms)[0m  [1m[34mSELECT  "cats".* FROM "cats" WHERE "cats"."id" = $1 LIMIT $2[0m  [["id", 10], ["LIMIT", 1]]
  [1m[36mToy Exists (0.3ms)[0m  [1m[34mSELECT  1 AS one FROM "toys" WHERE "toys"."name" = $1 AND "toys"."toyable_type" = 'Cat' AND "toys"."toyable_id" = 10 LIMIT $2[0m  [["name", "Agent Vagabond"], ["LIMIT", 1]]
  [1m[35mSQL (0.2ms)[0m  [1m[32mINSERT INTO "toys" ("name", "toyable_type", "toyable_id", "created_at", "updated_at") VALUES ($1, $2, $3, $4, $5) RETURNING "id"[0m  [["name", "Agent Vagabond"], ["toyable_type", "Cat"], ["toyable_id", 10], ["created_at", "2018-09-17 04:37:18.115579"], ["updated_at", "2018-09-17 04:37:18.115579"]]
  [1m[35m (0.4ms)[0m  [1m[35mCOMMIT[0m
  [1m[35m (0.1ms)[0m  [1m[35mBEGIN[0m
  [1m[36mCat Load (0.1ms)[0m  [1m[34mSELECT  "cats".* FROM "cats" WHERE "cats"."id" = $1 LIMIT $2[0m  [["id", 10], ["LIMIT", 1]]
  [1m[36mToy Exists (0.3ms)[0m  [1m[34mSELECT  1 AS one FROM "toys" WHERE "toys"."name" = $1 AND "toys"."toyable_type" = 'Cat' AND "toys"."toyable_id" = 10 LIMIT $2[0m  [["name", "Scorpion"], ["LIMIT", 1]]
  [1m[35mSQL (0.3ms)[0m  [1m[32mINSERT INTO "toys" ("name", "toyable_type", "toyable_id", "created_at", "updated_at") VALUES ($1, $2, $3, $4, $5) RETURNING "id"[0m  [["name", "Scorpion"], ["toyable_type", "Cat"], ["toyable_id", 10], ["created_at", "2018-09-17 04:37:18.118339"], ["updated_at", "2018-09-17 04:37:18.118339"]]
  [1m[35m (0.4ms)[0m  [1m[35mCOMMIT[0m
  [1m[35m (0.1ms)[0m  [1m[35mBEGIN[0m
  [1m[36mCat Load (0.1ms)[0m  [1m[34mSELECT  "cats".* FROM "cats" WHERE "cats"."id" = $1 LIMIT $2[0m  [["id", 2], ["LIMIT", 1]]
  [1m[36mToy Exists (0.4ms)[0m  [1m[34mSELECT  1 AS one FROM "toys" WHERE "toys"."name" = $1 AND "toys"."toyable_type" = 'Cat' AND "toys"."toyable_id" = 2 LIMIT $2[0m  [["name", "Agent Booster Gold Boy"], ["LIMIT", 1]]
  [1m[35mSQL (0.3ms)[0m  [1m[32mINSERT INTO "toys" ("name", "toyable_type", "toyable_id", "created_at", "updated_at") VALUES ($1, $2, $3, $4, $5) RETURNING "id"[0m  [["name", "Agent Booster Gold Boy"], ["toyable_type", "Cat"], ["toyable_id", 2], ["created_at", "2018-09-17 04:37:18.121522"], ["updated_at", "2018-09-17 04:37:18.121522"]]
  [1m[35m (0.4ms)[0m  [1m[35mCOMMIT[0m
  [1m[35m (0.1ms)[0m  [1m[35mBEGIN[0m
  [1m[36mCat Load (0.1ms)[0m  [1m[34mSELECT  "cats".* FROM "cats" WHERE "cats"."id" = $1 LIMIT $2[0m  [["id", 1], ["LIMIT", 1]]
  [1m[36mToy Exists (0.3ms)[0m  [1m[34mSELECT  1 AS one FROM "toys" WHERE "toys"."name" = $1 AND "toys"."toyable_type" = 'Cat' AND "toys"."toyable_id" = 1 LIMIT $2[0m  [["name", "Box"], ["LIMIT", 1]]
  [1m[35mSQL (0.3ms)[0m  [1m[32mINSERT INTO "toys" ("name", "toyable_type", "toyable_id", "created_at", "updated_at") VALUES ($1, $2, $3, $4, $5) RETURNING "id"[0m  [["name", "Box"], ["toyable_type", "Cat"], ["toyable_id", 1], ["created_at", "2018-09-17 04:37:18.124820"], ["updated_at", "2018-09-17 04:37:18.124820"]]
  [1m[35m (0.4ms)[0m  [1m[35mCOMMIT[0m
  [1m[35m (0.1ms)[0m  [1m[35mBEGIN[0m
  [1m[36mCat Load (0.1ms)[0m  [1m[34mSELECT  "cats".* FROM "cats" WHERE "cats"."id" = $1 LIMIT $2[0m  [["id", 6], ["LIMIT", 1]]
  [1m[36mToy Exists (0.4ms)[0m  [1m[34mSELECT  1 AS one FROM "toys" WHERE "toys"."name" = $1 AND "toys"."toyable_type" = 'Cat' AND "toys"."toyable_id" = 6 LIMIT $2[0m  [["name", "Mr Yellowjacket"], ["LIMIT", 1]]
  [1m[35mSQL (0.3ms)[0m  [1m[32mINSERT INTO "toys" ("name", "toyable_type", "toyable_id", "created_at", "updated_at") VALUES ($1, $2, $3, $4, $5) RETURNING "id"[0m  [["name", "Mr Yellowjacket"], ["toyable_type", "Cat"], ["toyable_id", 6], ["created_at", "2018-09-17 04:37:18.128062"], ["updated_at", "2018-09-17 04:37:18.128062"]]
  [1m[35m (0.4ms)[0m  [1m[35mCOMMIT[0m
  [1m[36mToy Load (0.6ms)[0m  [1m[34mSELECT "toys".* FROM "toys"[0m
